#
# A fatal error has been detected by the Java Runtime Environment:
#
#  EXCEPTION_ACCESS_VIOLATION (0xc0000005) at pc=0x000000006ee76520, pid=23312, tid=27464
#
# JRE version: Java(TM) SE Runtime Environment (9.0+11) (build 9.0.1+11)
# Java VM: Java HotSpot(TM) 64-Bit Server VM (9.0.1+11, mixed mode, tiered, compressed oops, g1 gc, windows-amd64)
# Problematic frame:
# C  [xuggle9694950411476301901.dll+0x736520]
#
# No core dump will be written. Minidumps are not enabled by default on client versions of Windows
#
# If you would like to submit a bug report, please visit:
#   http://bugreport.java.com/bugreport/crash.jsp
# The crash happened outside the Java Virtual Machine in native code.
# See problematic frame for where to report the bug.
#

---------------  S U M M A R Y ------------

Command Line: -javaagent:C:\Program Files\JetBrains\IntelliJ IDEA 2018.2.1\lib\idea_rt.jar=1905:C:\Program Files\JetBrains\IntelliJ IDEA 2018.2.1\bin -Dfile.encoding=UTF-8 bogen.koochita.demo.KoochitaApplication

Host: Intel(R) Core(TM) i7-6700HQ CPU @ 2.60GHz, 8 cores, 15G,  Windows 10 , 64 bit Build 18362 (10.0.18362.1500)
Time: Thu May 06 18:34:40 2021 Iran Daylight Time elapsed time: 37 seconds (0d 0h 0m 37s)

---------------  T H R E A D  ---------------

Current thread (0x0000023730950000):  JavaThread "http-nio-8080-exec-2" daemon [_thread_in_native, id=27464, stack(0x0000008028700000,0x0000008028800000)]

Stack: [0x0000008028700000,0x0000008028800000],  sp=0x00000080287fa690,  free space=1001k
Native frames: (J=compiled Java code, j=interpreted, Vv=VM code, C=native code)
C  [xuggle9694950411476301901.dll+0x736520]

Java frames: (J=compiled Java code, j=interpreted, Vv=VM code)
j  com.xuggle.xuggler.XugglerJNI.IContainer_open__SWIG_0(JLcom/xuggle/xuggler/IContainer;Ljava/lang/String;IJLcom/xuggle/xuggler/IContainerFormat;)I+0
j  com.xuggle.xuggler.IContainer.open(Ljava/lang/String;Lcom/xuggle/xuggler/IContainer$Type;Lcom/xuggle/xuggler/IContainerFormat;)I+15
j  com.xuggle.xuggler.IContainer.open(Ljava/io/InputStream;Lcom/xuggle/xuggler/IContainerFormat;)I+9
j  bogen.koochita.controllers.ReviewController.addAttach(Ljava/lang/String;Lorg/springframework/web/multipart/MultipartFile;Ljava/lang/String;)Ljava/lang/String;+94
j  bogen.koochita.Routes.API.ReviewAPIRoutes.addAttach(Ljavax/servlet/http/HttpServletRequest;Lorg/springframework/web/multipart/MultipartFile;Ljava/lang/String;Ljava/lang/String;)Ljava/lang/String;+77
v  ~StubRoutines::call_stub
J 2775  jdk.internal.reflect.NativeMethodAccessorImpl.invoke0(Ljava/lang/reflect/Method;Ljava/lang/Object;[Ljava/lang/Object;)Ljava/lang/Object; java.base@9.0.1 (0 bytes) @ 0x000002371546f95f [0x000002371546f8e0+0x000000000000007f]
J 2774 c1 jdk.internal.reflect.NativeMethodAccessorImpl.invoke(Ljava/lang/Object;[Ljava/lang/Object;)Ljava/lang/Object; java.base@9.0.1 (104 bytes) @ 0x000002370e3b77cc [0x000002370e3b66c0+0x000000000000110c]
J 2751 c1 jdk.internal.reflect.DelegatingMethodAccessorImpl.invoke(Ljava/lang/Object;[Ljava/lang/Object;)Ljava/lang/Object; java.base@9.0.1 (10 bytes) @ 0x000002370e3aadc4 [0x000002370e3aacc0+0x0000000000000104]
J 2824 c1 java.lang.reflect.Method.invoke(Ljava/lang/Object;[Ljava/lang/Object;)Ljava/lang/Object; java.base@9.0.1 (65 bytes) @ 0x000002370e3d3324 [0x000002370e3d2f00+0x0000000000000424]
j  org.springframework.web.method.support.InvocableHandlerMethod.doInvoke([Ljava/lang/Object;)Ljava/lang/Object;+32
j  org.springframework.web.method.support.InvocableHandlerMethod.invokeForRequest(Lorg/springframework/web/context/request/NativeWebRequest;Lorg/springframework/web/method/support/ModelAndViewContainer;[Ljava/lang/Object;)Ljava/lang/Object;+54
j  org.springframework.web.servlet.mvc.method.annotation.ServletInvocableHandlerMethod.invokeAndHandle(Lorg/springframework/web/context/request/ServletWebRequest;Lorg/springframework/web/method/support/ModelAndViewContainer;[Ljava/lang/Object;)V+4
j  org.springframework.web.servlet.mvc.method.annotation.RequestMappingHandlerAdapter.invokeHandlerMethod(Ljavax/servlet/http/HttpServletRequest;Ljavax/servlet/http/HttpServletResponse;Lorg/springframework/web/method/HandlerMethod;)Lorg/springframework/web/servlet/ModelAndView;+244
j  org.springframework.web.servlet.mvc.method.annotation.RequestMappingHandlerAdapter.handleInternal(Ljavax/servlet/http/HttpServletRequest;Ljavax/servlet/http/HttpServletResponse;Lorg/springframework/web/method/HandlerMethod;)Lorg/springframework/web/servlet/ModelAndView;+81
j  org.springframework.web.servlet.mvc.method.AbstractHandlerMethodAdapter.handle(Ljavax/servlet/http/HttpServletRequest;Ljavax/servlet/http/HttpServletResponse;Ljava/lang/Object;)Lorg/springframework/web/servlet/ModelAndView;+7
j  org.springframework.web.servlet.DispatcherServlet.doDispatch(Ljavax/servlet/http/HttpServletRequest;Ljavax/servlet/http/HttpServletResponse;)V+257
j  org.springframework.web.servlet.DispatcherServlet.doService(Ljavax/servlet/http/HttpServletRequest;Ljavax/servlet/http/HttpServletResponse;)V+241
j  org.springframework.web.servlet.FrameworkServlet.processRequest(Ljavax/servlet/http/HttpServletRequest;Ljavax/servlet/http/HttpServletResponse;)V+71
j  org.springframework.web.servlet.FrameworkServlet.doPost(Ljavax/servlet/http/HttpServletRequest;Ljavax/servlet/http/HttpServletResponse;)V+3
j  javax.servlet.http.HttpServlet.service(Ljavax/servlet/http/HttpServletRequest;Ljavax/servlet/http/HttpServletResponse;)V+149
j  org.springframework.web.servlet.FrameworkServlet.service(Ljavax/servlet/http/HttpServletRequest;Ljavax/servlet/http/HttpServletResponse;)V+33
j  javax.servlet.http.HttpServlet.service(Ljavax/servlet/ServletRequest;Ljavax/servlet/ServletResponse;)V+36
j  org.apache.catalina.core.ApplicationFilterChain.internalDoFilter(Ljavax/servlet/ServletRequest;Ljavax/servlet/ServletResponse;)V+304
j  org.apache.catalina.core.ApplicationFilterChain.doFilter(Ljavax/servlet/ServletRequest;Ljavax/servlet/ServletResponse;)V+99
j  org.apache.tomcat.websocket.server.WsFilter.doFilter(Ljavax/servlet/ServletRequest;Ljavax/servlet/ServletResponse;Ljavax/servlet/FilterChain;)V+21
j  org.apache.catalina.core.ApplicationFilterChain.internalDoFilter(Ljavax/servlet/ServletRequest;Ljavax/servlet/ServletResponse;)V+135
j  org.apache.catalina.core.ApplicationFilterChain.doFilter(Ljavax/servlet/ServletRequest;Ljavax/servlet/ServletResponse;)V+99
j  bogen.koochita.Security.RateLimiter.doFilter(Ljavax/servlet/ServletRequest;Ljavax/servlet/ServletResponse;Ljavax/servlet/FilterChain;)V+54
j  org.apache.catalina.core.ApplicationFilterChain.internalDoFilter(Ljavax/servlet/ServletRequest;Ljavax/servlet/ServletResponse;)V+135
j  org.apache.catalina.core.ApplicationFilterChain.doFilter(Ljavax/servlet/ServletRequest;Ljavax/servlet/ServletResponse;)V+99
j  org.springframework.security.web.FilterChainProxy$VirtualFilterChain.doFilter(Ljavax/servlet/ServletRequest;Ljavax/servlet/ServletResponse;)V+52
j  org.springframework.security.web.access.intercept.FilterSecurityInterceptor.invoke(Lorg/springframework/security/web/FilterInvocation;)V+79
j  org.springframework.security.web.access.intercept.FilterSecurityInterceptor.doFilter(Ljavax/servlet/ServletRequest;Ljavax/servlet/ServletResponse;Ljavax/servlet/FilterChain;)V+11
j  org.springframework.security.web.FilterChainProxy$VirtualFilterChain.doFilter(Ljavax/servlet/ServletRequest;Ljavax/servlet/ServletResponse;)V+136
j  org.springframework.security.web.access.ExceptionTranslationFilter.doFilter(Ljavax/servlet/http/HttpServletRequest;Ljavax/servlet/http/HttpServletResponse;Ljavax/servlet/FilterChain;)V+3
j  org.springframework.security.web.access.ExceptionTranslationFilter.doFilter(Ljavax/servlet/ServletRequest;Ljavax/servlet/ServletResponse;Ljavax/servlet/FilterChain;)V+10
j  org.springframework.security.web.FilterChainProxy$VirtualFilterChain.doFilter(Ljavax/servlet/ServletRequest;Ljavax/servlet/ServletResponse;)V+136
j  org.springframework.security.web.session.SessionManagementFilter.doFilter(Ljavax/servlet/http/HttpServletRequest;Ljavax/servlet/http/HttpServletResponse;Ljavax/servlet/FilterChain;)V+210
j  org.springframework.security.web.session.SessionManagementFilter.doFilter(Ljavax/servlet/ServletRequest;Ljavax/servlet/ServletResponse;Ljavax/servlet/FilterChain;)V+10
j  org.springframework.security.web.FilterChainProxy$VirtualFilterChain.doFilter(Ljavax/servlet/ServletRequest;Ljavax/servlet/ServletResponse;)V+136
j  org.springframework.security.web.authentication.AnonymousAuthenticationFilter.doFilter(Ljavax/servlet/ServletRequest;Ljavax/servlet/ServletResponse;Ljavax/servlet/FilterChain;)V+105
j  org.springframework.security.web.FilterChainProxy$VirtualFilterChain.doFilter(Ljavax/servlet/ServletRequest;Ljavax/servlet/ServletResponse;)V+136
j  org.springframework.security.web.servletapi.SecurityContextHolderAwareRequestFilter.doFilter(Ljavax/servlet/ServletRequest;Ljavax/servlet/ServletResponse;Ljavax/servlet/FilterChain;)V+19
j  org.springframework.security.web.FilterChainProxy$VirtualFilterChain.doFilter(Ljavax/servlet/ServletRequest;Ljavax/servlet/ServletResponse;)V+136
j  org.springframework.security.web.savedrequest.RequestCacheAwareFilter.doFilter(Ljavax/servlet/ServletRequest;Ljavax/servlet/ServletResponse;Ljavax/servlet/FilterChain;)V+32
j  org.springframework.security.web.FilterChainProxy$VirtualFilterChain.doFilter(Ljavax/servlet/ServletRequest;Ljavax/servlet/ServletResponse;)V+136
j  bogen.koochita.Security.JwtTokenFilter.doFilterInternal(Ljavax/servlet/http/HttpServletRequest;Ljavax/servlet/http/HttpServletResponse;Ljavax/servlet/FilterChain;)V+231
j  org.springframework.web.filter.OncePerRequestFilter.doFilter(Ljavax/servlet/ServletRequest;Ljavax/servlet/ServletResponse;Ljavax/servlet/FilterChain;)V+147
j  org.springframework.security.web.FilterChainProxy$VirtualFilterChain.doFilter(Ljavax/servlet/ServletRequest;Ljavax/servlet/ServletResponse;)V+136
j  org.springframework.security.web.authentication.logout.LogoutFilter.doFilter(Ljavax/servlet/http/HttpServletRequest;Ljavax/servlet/http/HttpServletResponse;Ljavax/servlet/FilterChain;)V+77
j  org.springframework.security.web.authentication.logout.LogoutFilter.doFilter(Ljavax/servlet/ServletRequest;Ljavax/servlet/ServletResponse;Ljavax/servlet/FilterChain;)V+10
j  org.springframework.security.web.FilterChainProxy$VirtualFilterChain.doFilter(Ljavax/servlet/ServletRequest;Ljavax/servlet/ServletResponse;)V+136
j  org.springframework.security.web.header.HeaderWriterFilter.doHeadersAfter(Ljavax/servlet/http/HttpServletRequest;Ljavax/servlet/http/HttpServletResponse;Ljavax/servlet/FilterChain;)V+29
j  org.springframework.security.web.header.HeaderWriterFilter.doFilterInternal(Ljavax/servlet/http/HttpServletRequest;Ljavax/servlet/http/HttpServletResponse;Ljavax/servlet/FilterChain;)V+21
j  org.springframework.web.filter.OncePerRequestFilter.doFilter(Ljavax/servlet/ServletRequest;Ljavax/servlet/ServletResponse;Ljavax/servlet/FilterChain;)V+147
j  org.springframework.security.web.FilterChainProxy$VirtualFilterChain.doFilter(Ljavax/servlet/ServletRequest;Ljavax/servlet/ServletResponse;)V+136
j  org.springframework.security.web.context.SecurityContextPersistenceFilter.doFilter(Ljavax/servlet/http/HttpServletRequest;Ljavax/servlet/http/HttpServletResponse;Ljavax/servlet/FilterChain;)V+181
j  org.springframework.security.web.context.SecurityContextPersistenceFilter.doFilter(Ljavax/servlet/ServletRequest;Ljavax/servlet/ServletResponse;Ljavax/servlet/FilterChain;)V+10
j  org.springframework.security.web.FilterChainProxy$VirtualFilterChain.doFilter(Ljavax/servlet/ServletRequest;Ljavax/servlet/ServletResponse;)V+136
j  org.springframework.security.web.context.request.async.WebAsyncManagerIntegrationFilter.doFilterInternal(Ljavax/servlet/http/HttpServletRequest;Ljavax/servlet/http/HttpServletResponse;Ljavax/servlet/FilterChain;)V+42
j  org.springframework.web.filter.OncePerRequestFilter.doFilter(Ljavax/servlet/ServletRequest;Ljavax/servlet/ServletResponse;Ljavax/servlet/FilterChain;)V+147
j  org.springframework.security.web.FilterChainProxy$VirtualFilterChain.doFilter(Ljavax/servlet/ServletRequest;Ljavax/servlet/ServletResponse;)V+136
j  org.springframework.security.web.FilterChainProxy.doFilterInternal(Ljavax/servlet/ServletRequest;Ljavax/servlet/ServletResponse;Ljavax/servlet/FilterChain;)V+148
j  org.springframework.security.web.FilterChainProxy.doFilter(Ljavax/servlet/ServletRequest;Ljavax/servlet/ServletResponse;Ljavax/servlet/FilterChain;)V+48
j  org.springframework.web.filter.DelegatingFilterProxy.invokeDelegate(Ljavax/servlet/Filter;Ljavax/servlet/ServletRequest;Ljavax/servlet/ServletResponse;Ljavax/servlet/FilterChain;)V+5
j  org.springframework.web.filter.DelegatingFilterProxy.doFilter(Ljavax/servlet/ServletRequest;Ljavax/servlet/ServletResponse;Ljavax/servlet/FilterChain;)V+85
j  org.apache.catalina.core.ApplicationFilterChain.internalDoFilter(Ljavax/servlet/ServletRequest;Ljavax/servlet/ServletResponse;)V+135
j  org.apache.catalina.core.ApplicationFilterChain.doFilter(Ljavax/servlet/ServletRequest;Ljavax/servlet/ServletResponse;)V+99
j  org.springframework.web.filter.RequestContextFilter.doFilterInternal(Ljavax/servlet/http/HttpServletRequest;Ljavax/servlet/http/HttpServletResponse;Ljavax/servlet/FilterChain;)V+21
j  org.springframework.web.filter.OncePerRequestFilter.doFilter(Ljavax/servlet/ServletRequest;Ljavax/servlet/ServletResponse;Ljavax/servlet/FilterChain;)V+147
j  org.apache.catalina.core.ApplicationFilterChain.internalDoFilter(Ljavax/servlet/ServletRequest;Ljavax/servlet/ServletResponse;)V+135
j  org.apache.catalina.core.ApplicationFilterChain.doFilter(Ljavax/servlet/ServletRequest;Ljavax/servlet/ServletResponse;)V+99
j  org.springframework.web.filter.FormContentFilter.doFilterInternal(Ljavax/servlet/http/HttpServletRequest;Ljavax/servlet/http/HttpServletResponse;Ljavax/servlet/FilterChain;)V+38
j  org.springframework.web.filter.OncePerRequestFilter.doFilter(Ljavax/servlet/ServletRequest;Ljavax/servlet/ServletResponse;Ljavax/servlet/FilterChain;)V+147
j  org.apache.catalina.core.ApplicationFilterChain.internalDoFilter(Ljavax/servlet/ServletRequest;Ljavax/servlet/ServletResponse;)V+135
j  org.apache.catalina.core.ApplicationFilterChain.doFilter(Ljavax/servlet/ServletRequest;Ljavax/servlet/ServletResponse;)V+99
j  org.springframework.web.filter.CharacterEncodingFilter.doFilterInternal(Ljavax/servlet/http/HttpServletRequest;Ljavax/servlet/http/HttpServletResponse;Ljavax/servlet/FilterChain;)V+53
j  org.springframework.web.filter.OncePerRequestFilter.doFilter(Ljavax/servlet/ServletRequest;Ljavax/servlet/ServletResponse;Ljavax/servlet/FilterChain;)V+147
j  org.apache.catalina.core.ApplicationFilterChain.internalDoFilter(Ljavax/servlet/ServletRequest;Ljavax/servlet/ServletResponse;)V+135
j  org.apache.catalina.core.ApplicationFilterChain.doFilter(Ljavax/servlet/ServletRequest;Ljavax/servlet/ServletResponse;)V+99
j  org.apache.catalina.core.StandardWrapperValve.invoke(Lorg/apache/catalina/connector/Request;Lorg/apache/catalina/connector/Response;)V+694
j  org.apache.catalina.core.StandardContextValve.invoke(Lorg/apache/catalina/connector/Request;Lorg/apache/catalina/connector/Response;)V+169
j  org.apache.catalina.authenticator.AuthenticatorBase.invoke(Lorg/apache/catalina/connector/Request;Lorg/apache/catalina/connector/Response;)V+260
j  org.apache.catalina.core.StandardHostValve.invoke(Lorg/apache/catalina/connector/Request;Lorg/apache/catalina/connector/Response;)V+128
j  org.apache.catalina.valves.ErrorReportValve.invoke(Lorg/apache/catalina/connector/Request;Lorg/apache/catalina/connector/Response;)V+6
j  org.apache.catalina.core.StandardEngineValve.invoke(Lorg/apache/catalina/connector/Request;Lorg/apache/catalina/connector/Response;)V+59
j  org.apache.catalina.connector.CoyoteAdapter.service(Lorg/apache/coyote/Request;Lorg/apache/coyote/Response;)V+199
j  org.apache.coyote.http11.Http11Processor.service(Lorg/apache/tomcat/util/net/SocketWrapperBase;)Lorg/apache/tomcat/util/net/AbstractEndpoint$Handler$SocketState;+737
j  org.apache.coyote.AbstractProcessorLight.process(Lorg/apache/tomcat/util/net/SocketWrapperBase;Lorg/apache/tomcat/util/net/SocketEvent;)Lorg/apache/tomcat/util/net/AbstractEndpoint$Handler$SocketState;+170
j  org.apache.coyote.AbstractProtocol$ConnectionHandler.process(Lorg/apache/tomcat/util/net/SocketWrapperBase;Lorg/apache/tomcat/util/net/SocketEvent;)Lorg/apache/tomcat/util/net/AbstractEndpoint$Handler$SocketState;+505
j  org.apache.tomcat.util.net.NioEndpoint$SocketProcessor.doRun()V+216
j  org.apache.tomcat.util.net.SocketProcessorBase.run()V+21
j  java.util.concurrent.ThreadPoolExecutor.runWorker(Ljava/util/concurrent/ThreadPoolExecutor$Worker;)V+95 java.base@9.0.1
j  java.util.concurrent.ThreadPoolExecutor$Worker.run()V+5 java.base@9.0.1
j  org.apache.tomcat.util.threads.TaskThread$WrappingRunnable.run()V+4
j  java.lang.Thread.run()V+11 java.base@9.0.1
v  ~StubRoutines::call_stub

siginfo: EXCEPTION_ACCESS_VIOLATION (0xc0000005), reading address 0xffffffffffffffff


Register to memory mapping:

RIP=0x000000006ee76520 xuggle9694950411476301901.dll
RAX=0x000002372ac15c50 is an unknown value
RBX=0x0000023731f1ea80 is an unknown value
RCX=0x000002372ac15c50 is an unknown value
RDX=0x0000000000000009 is an unknown value
RSP=0x00000080287fa690 is pointing into the stack for thread: 0x0000023730950000
RBP=0x000002372ac15390 is an unknown value
RSI=0x000002372ac16c50 is an unknown value
RDI=0x0000000000000004 is an unknown value
R8 =0x000000006ee77580 xuggle9694950411476301901.dll
R9 =0x000000006ee76490 xuggle9694950411476301901.dll
R10=0x000002372ac04d00 is an unknown value
R11=0x000002372ac06320 is an unknown value
R12=0x000002372ac06b20 is an unknown value
R13=0x0000000000000004 is an unknown value
R14=0x0000000000000184 is an unknown value
R15=0x000000006fab8f20 xuggle9694950411476301901.dll


Registers:
RAX=0x000002372ac15c50, RBX=0x0000023731f1ea80, RCX=0x000002372ac15c50, RDX=0x0000000000000009
RSP=0x00000080287fa690, RBP=0x000002372ac15390, RSI=0x000002372ac16c50, RDI=0x0000000000000004
R8 =0x000000006ee77580, R9 =0x000000006ee76490, R10=0x000002372ac04d00, R11=0x000002372ac06320
R12=0x000002372ac06b20, R13=0x0000000000000004, R14=0x0000000000000184, R15=0x000000006fab8f20
RIP=0x000000006ee76520, EFLAGS=0x0000000000010202

Top of Stack: (sp=0x00000080287fa690)
0x00000080287fa690:   000000006ee76665 000000006ee774c5
0x00000080287fa6a0:   000000006ee77505 000000006ee77545
0x00000080287fa6b0:   000000006ee77585 000000006ee79426
0x00000080287fa6c0:   000000006fab8f20 000002372ac15c50
0x00000080287fa6d0:   0000023731f20f40 3e225f243e461571
0x00000080287fa6e0:   3fe0000000000000 0000000000000000
0x00000080287fa6f0:   40c7760000000000 0000000000000000
0x00000080287fa700:   3fe0000000000000 0000000000000000
0x00000080287fa710:   0000023731f21f40 000000006ea45d24
0x00000080287fa720:   3f40624dd2f1a9fc 0000000000000000
0x00000080287fa730:   000000000000002f 0000000000000000
0x00000080287fa740:   0000000000000000 0000000000000000
0x00000080287fa750:   0000023731f2ae40 000000006fab7320
0x00000080287fa760:   00000080287fa910 0000023731f1e9e0
0x00000080287fa770:   0000000000000000 000002372ac15390
0x00000080287fa780:   000002372ac15390 0000000000000000 

Instructions: (pc=0x000000006ee76520)
0x000000006ee76500:   c4 e3 5d 0c c0 55 c5 e4 5c c8 c5 e4 58 c0 c5 fc
0x000000006ee76510:   29 01 c5 fc 29 49 20 c3 0f 1f 84 00 00 00 00 00
0x000000006ee76520:   c5 fc 28 51 40 c5 fc 28 59 60 c5 ec 5c fb c5 ec
0x000000006ee76530:   58 d3 c5 c4 57 3d 26 41 84 00 c5 ec c6 df be c5 



---------------  P R O C E S S  ---------------

Java Threads: ( => current thread )
  0x000002372e290000 JavaThread "DestroyJavaVM" [_thread_blocked, id=2300, stack(0x0000008025300000,0x0000008025400000)]
  0x000002372e297000 JavaThread "http-nio-8080-Acceptor" daemon [_thread_in_native, id=21424, stack(0x0000008029100000,0x0000008029200000)]
  0x000002372e291800 JavaThread "http-nio-8080-ClientPoller" daemon [_thread_in_native, id=24780, stack(0x0000008029000000,0x0000008029100000)]
  0x000002372e291000 JavaThread "http-nio-8080-exec-10" daemon [_thread_blocked, id=27508, stack(0x0000008028f00000,0x0000008029000000)]
  0x000002372e28f800 JavaThread "http-nio-8080-exec-9" daemon [_thread_blocked, id=19760, stack(0x0000008028e00000,0x0000008028f00000)]
  0x000002372e296000 JavaThread "http-nio-8080-exec-8" daemon [_thread_blocked, id=7788, stack(0x0000008028d00000,0x0000008028e00000)]
  0x000002372e294800 JavaThread "http-nio-8080-exec-7" daemon [_thread_blocked, id=26348, stack(0x0000008028c00000,0x0000008028d00000)]
  0x000002372e294000 JavaThread "http-nio-8080-exec-6" daemon [_thread_blocked, id=24072, stack(0x0000008028b00000,0x0000008028c00000)]
  0x000002372e293000 JavaThread "http-nio-8080-exec-5" daemon [_thread_blocked, id=28188, stack(0x0000008028a00000,0x0000008028b00000)]
  0x000002372e292800 JavaThread "http-nio-8080-exec-4" daemon [_thread_blocked, id=28432, stack(0x0000008028900000,0x0000008028a00000)]
  0x000002372e295800 JavaThread "http-nio-8080-exec-3" daemon [_thread_blocked, id=24560, stack(0x0000008028800000,0x0000008028900000)]
=>0x0000023730950000 JavaThread "http-nio-8080-exec-2" daemon [_thread_in_native, id=27464, stack(0x0000008028700000,0x0000008028800000)]
  0x000002373094f000 JavaThread "http-nio-8080-exec-1" daemon [_thread_blocked, id=19204, stack(0x0000008028600000,0x0000008028700000)]
  0x000002373094a800 JavaThread "http-nio-8080-BlockPoller" daemon [_thread_in_native, id=3252, stack(0x0000008028400000,0x0000008028500000)]
  0x000002373094e800 JavaThread "Live Reload Server" daemon [_thread_in_native, id=4764, stack(0x0000008028500000,0x0000008028600000)]
  0x000002373094d800 JavaThread "File Watcher" daemon [_thread_in_native, id=23892, stack(0x0000008028300000,0x0000008028400000)]
  0x000002373094d000 JavaThread "cluster-rtt-ClusterId{value='6093f75c5d15d11b81667466', description='null'}-localhost:27017" daemon [_thread_blocked, id=26724, stack(0x0000008028200000,0x0000008028300000)]
  0x0000023730950800 JavaThread "cluster-ClusterId{value='6093f75c5d15d11b81667466', description='null'}-localhost:27017" daemon [_thread_in_native, id=26048, stack(0x0000008028100000,0x0000008028200000)]
  0x000002373094c000 JavaThread "container-0" [_thread_blocked, id=17076, stack(0x0000008028000000,0x0000008028100000)]
  0x000002373094b800 JavaThread "Catalina-utility-2" [_thread_blocked, id=7908, stack(0x0000008027f00000,0x0000008028000000)]
  0x000002373094a000 JavaThread "Catalina-utility-1" [_thread_blocked, id=27104, stack(0x0000008027e00000,0x0000008027f00000)]
  0x000002372be6e000 JavaThread "cluster-rtt-ClusterId{value='6093f7565d15d11b81667465', description='null'}-localhost:27017" daemon [_thread_blocked, id=27340, stack(0x0000008027d00000,0x0000008027e00000)]
  0x000002372be6d800 JavaThread "cluster-ClusterId{value='6093f7565d15d11b81667465', description='null'}-localhost:27017" daemon [_thread_in_native, id=16008, stack(0x0000008027c00000,0x0000008027d00000)]
  0x000002372bd05800 JavaThread "cluster-rtt-ClusterId{value='6093f7555d15d11b81667464', description='null'}-localhost:27017" daemon [_thread_blocked, id=25688, stack(0x0000008027800000,0x0000008027900000)]
  0x000002372b961800 JavaThread "cluster-ClusterId{value='6093f7555d15d11b81667464', description='null'}-localhost:27017" daemon [_thread_in_native, id=22432, stack(0x0000008027700000,0x0000008027800000)]
  0x000002372b2ad800 JavaThread "mysql-cj-abandoned-connection-cleanup" daemon [_thread_blocked, id=8012, stack(0x0000008027600000,0x0000008027700000)]
  0x000002372b035800 JavaThread "Service Thread" daemon [_thread_blocked, id=27792, stack(0x0000008027400000,0x0000008027500000)]
  0x000002372aea3800 JavaThread "Monitor Ctrl-Break" daemon [_thread_in_native, id=28144, stack(0x0000008027300000,0x0000008027400000)]
  0x000002372a7fa800 JavaThread "Common-Cleaner" daemon [_thread_blocked, id=10428, stack(0x0000008027200000,0x0000008027300000)]
  0x000002372a73e800 JavaThread "Sweeper thread" daemon [_thread_blocked, id=12576, stack(0x0000008027100000,0x0000008027200000)]
  0x000002372a72d800 JavaThread "C1 CompilerThread3" daemon [_thread_blocked, id=14536, stack(0x0000008027000000,0x0000008027100000)]
  0x000002372a72b000 JavaThread "C2 CompilerThread2" daemon [_thread_blocked, id=19764, stack(0x0000008026f00000,0x0000008027000000)]
  0x000002372a71e000 JavaThread "C2 CompilerThread1" daemon [_thread_blocked, id=26412, stack(0x0000008026e00000,0x0000008026f00000)]
  0x0000023729e9e000 JavaThread "C2 CompilerThread0" daemon [_thread_blocked, id=2664, stack(0x0000008026d00000,0x0000008026e00000)]
  0x000002372a714000 JavaThread "Attach Listener" daemon [_thread_blocked, id=14968, stack(0x0000008026c00000,0x0000008026d00000)]
  0x000002372a713800 JavaThread "Signal Dispatcher" daemon [_thread_blocked, id=8212, stack(0x0000008026b00000,0x0000008026c00000)]
  0x0000023729e91000 JavaThread "Finalizer" daemon [_thread_blocked, id=21272, stack(0x0000008026a00000,0x0000008026b00000)]
  0x0000023729e90000 JavaThread "Reference Handler" daemon [_thread_blocked, id=23776, stack(0x0000008026900000,0x0000008026a00000)]

Other Threads:
  0x0000023729e89800 VMThread "VM Thread" [stack: 0x0000008026800000,0x0000008026900000] [id=23164]
  0x000002372b03b000 WatcherThread [stack: 0x0000008027500000,0x0000008027600000] [id=24348]
  0x0000023701931800 GCTaskThread "GC Thread#0" [stack: 0x0000008025400000,0x0000008025500000] [id=16128]
  0x0000023701933000 GCTaskThread "GC Thread#1" [stack: 0x0000008025500000,0x0000008025600000] [id=4280]
  0x0000023701935000 GCTaskThread "GC Thread#2" [stack: 0x0000008025600000,0x0000008025700000] [id=23384]
  0x000002370193e800 GCTaskThread "GC Thread#3" [stack: 0x0000008025700000,0x0000008025800000] [id=16268]
  0x0000023701941000 GCTaskThread "GC Thread#4" [stack: 0x0000008025800000,0x0000008025900000] [id=19128]
  0x0000023701945000 GCTaskThread "GC Thread#5" [stack: 0x0000008025900000,0x0000008025a00000] [id=3816]
  0x000002370194a000 GCTaskThread "GC Thread#6" [stack: 0x0000008025a00000,0x0000008025b00000] [id=14796]
  0x000002370194d800 GCTaskThread "GC Thread#7" [stack: 0x0000008025b00000,0x0000008025c00000] [id=24872]
  0x00000237019bc000 ConcurrentGCThread "G1 Main Marker" [stack: 0x0000008026500000,0x0000008026600000] [id=24388]
  0x000002370194b800 ConcurrentGCThread "G1 Marker#0" [stack: 0x0000008026600000,0x0000008026700000] [id=8288]
  0x000002370194f800 ConcurrentGCThread "G1 Marker#1" [stack: 0x0000008026700000,0x0000008026800000] [id=28644]
  0x0000023701971800 ConcurrentGCThread "G1 Refine#0" [stack: 0x0000008026300000,0x0000008026400000] [id=27932]
  0x0000023701971000 ConcurrentGCThread "G1 Refine#1" [stack: 0x0000008026200000,0x0000008026300000] [id=24256]
  0x0000023701970800 ConcurrentGCThread "G1 Refine#2" [stack: 0x0000008026100000,0x0000008026200000] [id=25680]
  0x0000023701973800 ConcurrentGCThread "G1 Refine#3" [stack: 0x0000008026000000,0x0000008026100000] [id=27908]
  0x0000023701962800 ConcurrentGCThread "G1 Refine#4" [stack: 0x0000008025f00000,0x0000008026000000] [id=27184]
  0x0000023701957800 ConcurrentGCThread "G1 Refine#5" [stack: 0x0000008025e00000,0x0000008025f00000] [id=20476]
  0x0000023701956000 ConcurrentGCThread "G1 Refine#6" [stack: 0x0000008025d00000,0x0000008025e00000] [id=18256]
  0x0000023701955000 ConcurrentGCThread "G1 Refine#7" [stack: 0x0000008025c00000,0x0000008025d00000] [id=24884]
  0x0000023701977800 ConcurrentGCThread "G1 Young RemSet Sampling" [stack: 0x0000008026400000,0x0000008026500000] [id=25780]

Threads with active compile tasks:

VM state:not at safepoint (normal execution)

VM Mutex/Monitor currently owned by a thread: None

Heap address: 0x00000006c1a00000, size: 4070 MB, Compressed Oops mode: Zero based, Oop shift amount: 3
Narrow klass base: 0x0000000000000000, Narrow klass shift: 3
Compressed class space size: 1073741824 Address: 0x00000007c0000000

Heap:
 garbage-first heap   total 262144K, used 93128K [0x00000006c1a00000, 0x00000006c1b00800, 0x00000007c0000000)
  region size 1024K, 70 young (71680K), 17 survivors (17408K)
 Metaspace       used 51678K, capacity 55240K, committed 55376K, reserved 1097728K
  class space    used 6292K, capacity 6902K, committed 6992K, reserved 1048576K
Heap Regions: E=young(eden), S=young(survivor), O=old, HS=humongous(starts), HC=humongous(continues), CS=collection set, F=free, A=archive, TS=gc time stamp, AC=allocation context, TAMS=top-at-mark-start (previous, next)
|   0|0x00000006c1a00000, 0x00000006c1b00000, 0x00000006c1b00000|100%| O|  |TS  0|AC  0|TAMS 0x00000006c1b00000, 0x00000006c1b00000|
|   1|0x00000006c1b00000, 0x00000006c1c00000, 0x00000006c1c00000|100%| O|  |TS  0|AC  0|TAMS 0x00000006c1c00000, 0x00000006c1c00000|
|   2|0x00000006c1c00000, 0x00000006c1d00000, 0x00000006c1d00000|100%| O|  |TS  0|AC  0|TAMS 0x00000006c1d00000, 0x00000006c1d00000|
|   3|0x00000006c1d00000, 0x00000006c1e00000, 0x00000006c1e00000|100%| O|  |TS  0|AC  0|TAMS 0x00000006c1e00000, 0x00000006c1e00000|
|   4|0x00000006c1e00000, 0x00000006c1f00000, 0x00000006c1f00000|100%| O|  |TS  0|AC  0|TAMS 0x00000006c1f00000, 0x00000006c1f00000|
|   5|0x00000006c1f00000, 0x00000006c2000000, 0x00000006c2000000|100%| O|  |TS  0|AC  0|TAMS 0x00000006c2000000, 0x00000006c2000000|
|   6|0x00000006c2000000, 0x00000006c2100000, 0x00000006c2100000|100%| O|  |TS  0|AC  0|TAMS 0x00000006c2100000, 0x00000006c2100000|
|   7|0x00000006c2100000, 0x00000006c2200000, 0x00000006c2200000|100%| O|  |TS  0|AC  0|TAMS 0x00000006c2200000, 0x00000006c2200000|
|   8|0x00000006c2200000, 0x00000006c2300000, 0x00000006c2300000|100%| O|  |TS  0|AC  0|TAMS 0x00000006c2300000, 0x00000006c2300000|
|   9|0x00000006c2300000, 0x00000006c2400000, 0x00000006c2400000|100%| O|  |TS  0|AC  0|TAMS 0x00000006c2400000, 0x00000006c2400000|
|  10|0x00000006c2400000, 0x00000006c2500000, 0x00000006c2500000|100%| O|  |TS  0|AC  0|TAMS 0x00000006c2500000, 0x00000006c2500000|
|  11|0x00000006c2500000, 0x00000006c2600000, 0x00000006c2600000|100%| O|  |TS  0|AC  0|TAMS 0x00000006c2600000, 0x00000006c2600000|
|  12|0x00000006c2600000, 0x00000006c2700000, 0x00000006c2700000|100%| O|  |TS  0|AC  0|TAMS 0x00000006c2700000, 0x00000006c2700000|
|  13|0x00000006c2700000, 0x00000006c2800000, 0x00000006c2800000|100%| O|  |TS  0|AC  0|TAMS 0x00000006c2800000, 0x00000006c2800000|
|  14|0x00000006c2800000, 0x00000006c2900000, 0x00000006c2900000|100%| O|  |TS  0|AC  0|TAMS 0x00000006c2900000, 0x00000006c2900000|
|  15|0x00000006c2900000, 0x00000006c2a00000, 0x00000006c2a00000|100%| O|  |TS  3|AC  0|TAMS 0x00000006c2921600, 0x00000006c2921600|
|  16|0x00000006c2a00000, 0x00000006c2b00000, 0x00000006c2b00000|100%| O|  |TS  3|AC  0|TAMS 0x00000006c2a00000, 0x00000006c2a00000|
|  17|0x00000006c2b00000, 0x00000006c2c00000, 0x00000006c2c00000|100%| O|  |TS  3|AC  0|TAMS 0x00000006c2b00000, 0x00000006c2b00000|
|  18|0x00000006c2c00000, 0x00000006c2d00000, 0x00000006c2d00000|100%| O|  |TS  3|AC  0|TAMS 0x00000006c2c00000, 0x00000006c2c00000|
|  19|0x00000006c2d00000, 0x00000006c2e00000, 0x00000006c2e00000|100%| O|  |TS  3|AC  0|TAMS 0x00000006c2d00000, 0x00000006c2d00000|
|  20|0x00000006c2e00000, 0x00000006c2f00000, 0x00000006c2f00000|100%| O|  |TS  3|AC  0|TAMS 0x00000006c2e00000, 0x00000006c2e00000|
|  21|0x00000006c2f00000, 0x00000006c2fff600, 0x00000006c3000000| 99%| O|  |TS  5|AC  0|TAMS 0x00000006c2f00000, 0x00000006c2f00000|
|  22|0x00000006c3000000, 0x00000006c3000000, 0x00000006c3100000|  0%| F|  |TS  0|AC  0|TAMS 0x00000006c3000000, 0x00000006c3000000|
|  23|0x00000006c3100000, 0x00000006c3100000, 0x00000006c3200000|  0%| F|  |TS  0|AC  0|TAMS 0x00000006c3100000, 0x00000006c3100000|
|  24|0x00000006c3200000, 0x00000006c3200000, 0x00000006c3300000|  0%| F|  |TS  0|AC  0|TAMS 0x00000006c3200000, 0x00000006c3200000|
|  25|0x00000006c3300000, 0x00000006c3300000, 0x00000006c3400000|  0%| F|  |TS  0|AC  0|TAMS 0x00000006c3300000, 0x00000006c3300000|
|  26|0x00000006c3400000, 0x00000006c3400000, 0x00000006c3500000|  0%| F|  |TS  0|AC  0|TAMS 0x00000006c3400000, 0x00000006c3400000|
|  27|0x00000006c3500000, 0x00000006c3500000, 0x00000006c3600000|  0%| F|  |TS  0|AC  0|TAMS 0x00000006c3500000, 0x00000006c3500000|
|  28|0x00000006c3600000, 0x00000006c3600000, 0x00000006c3700000|  0%| F|  |TS  0|AC  0|TAMS 0x00000006c3600000, 0x00000006c3600000|
|  29|0x00000006c3700000, 0x00000006c3700000, 0x00000006c3800000|  0%| F|  |TS  0|AC  0|TAMS 0x00000006c3700000, 0x00000006c3700000|
|  30|0x00000006c3800000, 0x00000006c3800000, 0x00000006c3900000|  0%| F|  |TS  0|AC  0|TAMS 0x00000006c3800000, 0x00000006c3800000|
|  31|0x00000006c3900000, 0x00000006c3900000, 0x00000006c3a00000|  0%| F|  |TS  0|AC  0|TAMS 0x00000006c3900000, 0x00000006c3900000|
|  32|0x00000006c3a00000, 0x00000006c3a00000, 0x00000006c3b00000|  0%| F|  |TS  0|AC  0|TAMS 0x00000006c3a00000, 0x00000006c3a00000|
|  33|0x00000006c3b00000, 0x00000006c3b00000, 0x00000006c3c00000|  0%| F|  |TS  0|AC  0|TAMS 0x00000006c3b00000, 0x00000006c3b00000|
|  34|0x00000006c3c00000, 0x00000006c3c00000, 0x00000006c3d00000|  0%| F|  |TS  0|AC  0|TAMS 0x00000006c3c00000, 0x00000006c3c00000|
|  35|0x00000006c3d00000, 0x00000006c3d00000, 0x00000006c3e00000|  0%| F|  |TS  0|AC  0|TAMS 0x00000006c3d00000, 0x00000006c3d00000|
|  36|0x00000006c3e00000, 0x00000006c3e00000, 0x00000006c3f00000|  0%| F|  |TS  0|AC  0|TAMS 0x00000006c3e00000, 0x00000006c3e00000|
|  37|0x00000006c3f00000, 0x00000006c3f00000, 0x00000006c4000000|  0%| F|  |TS  0|AC  0|TAMS 0x00000006c3f00000, 0x00000006c3f00000|
|  38|0x00000006c4000000, 0x00000006c4000000, 0x00000006c4100000|  0%| F|  |TS  0|AC  0|TAMS 0x00000006c4000000, 0x00000006c4000000|
|  39|0x00000006c4100000, 0x00000006c4100000, 0x00000006c4200000|  0%| F|  |TS  0|AC  0|TAMS 0x00000006c4100000, 0x00000006c4100000|
|  40|0x00000006c4200000, 0x00000006c4200000, 0x00000006c4300000|  0%| F|  |TS  0|AC  0|TAMS 0x00000006c4200000, 0x00000006c4200000|
|  41|0x00000006c4300000, 0x00000006c4300000, 0x00000006c4400000|  0%| F|  |TS  0|AC  0|TAMS 0x00000006c4300000, 0x00000006c4300000|
|  42|0x00000006c4400000, 0x00000006c4400000, 0x00000006c4500000|  0%| F|  |TS  0|AC  0|TAMS 0x00000006c4400000, 0x00000006c4400000|
|  43|0x00000006c4500000, 0x00000006c4500000, 0x00000006c4600000|  0%| F|  |TS  0|AC  0|TAMS 0x00000006c4500000, 0x00000006c4500000|
|  44|0x00000006c4600000, 0x00000006c4600000, 0x00000006c4700000|  0%| F|  |TS  0|AC  0|TAMS 0x00000006c4600000, 0x00000006c4600000|
|  45|0x00000006c4700000, 0x00000006c4700000, 0x00000006c4800000|  0%| F|  |TS  0|AC  0|TAMS 0x00000006c4700000, 0x00000006c4700000|
|  46|0x00000006c4800000, 0x00000006c4800000, 0x00000006c4900000|  0%| F|  |TS  0|AC  0|TAMS 0x00000006c4800000, 0x00000006c4800000|
|  47|0x00000006c4900000, 0x00000006c4900000, 0x00000006c4a00000|  0%| F|  |TS  0|AC  0|TAMS 0x00000006c4900000, 0x00000006c4900000|
|  48|0x00000006c4a00000, 0x00000006c4a00000, 0x00000006c4b00000|  0%| F|  |TS  0|AC  0|TAMS 0x00000006c4a00000, 0x00000006c4a00000|
|  49|0x00000006c4b00000, 0x00000006c4b00000, 0x00000006c4c00000|  0%| F|  |TS  0|AC  0|TAMS 0x00000006c4b00000, 0x00000006c4b00000|
|  50|0x00000006c4c00000, 0x00000006c4c00000, 0x00000006c4d00000|  0%| F|  |TS  0|AC  0|TAMS 0x00000006c4c00000, 0x00000006c4c00000|
|  51|0x00000006c4d00000, 0x00000006c4d00000, 0x00000006c4e00000|  0%| F|  |TS  0|AC  0|TAMS 0x00000006c4d00000, 0x00000006c4d00000|
|  52|0x00000006c4e00000, 0x00000006c4e00000, 0x00000006c4f00000|  0%| F|  |TS  0|AC  0|TAMS 0x00000006c4e00000, 0x00000006c4e00000|
|  53|0x00000006c4f00000, 0x00000006c4f00000, 0x00000006c5000000|  0%| F|  |TS  0|AC  0|TAMS 0x00000006c4f00000, 0x00000006c4f00000|
|  54|0x00000006c5000000, 0x00000006c5000000, 0x00000006c5100000|  0%| F|  |TS  0|AC  0|TAMS 0x00000006c5000000, 0x00000006c5000000|
|  55|0x00000006c5100000, 0x00000006c5100000, 0x00000006c5200000|  0%| F|  |TS  0|AC  0|TAMS 0x00000006c5100000, 0x00000006c5100000|
|  56|0x00000006c5200000, 0x00000006c5200000, 0x00000006c5300000|  0%| F|  |TS  0|AC  0|TAMS 0x00000006c5200000, 0x00000006c5200000|
|  57|0x00000006c5300000, 0x00000006c5300000, 0x00000006c5400000|  0%| F|  |TS  0|AC  0|TAMS 0x00000006c5300000, 0x00000006c5300000|
|  58|0x00000006c5400000, 0x00000006c5400000, 0x00000006c5500000|  0%| F|  |TS  0|AC  0|TAMS 0x00000006c5400000, 0x00000006c5400000|
|  59|0x00000006c5500000, 0x00000006c5500000, 0x00000006c5600000|  0%| F|  |TS  0|AC  0|TAMS 0x00000006c5500000, 0x00000006c5500000|
|  60|0x00000006c5600000, 0x00000006c5600000, 0x00000006c5700000|  0%| F|  |TS  0|AC  0|TAMS 0x00000006c5600000, 0x00000006c5600000|
|  61|0x00000006c5700000, 0x00000006c5700000, 0x00000006c5800000|  0%| F|  |TS  0|AC  0|TAMS 0x00000006c5700000, 0x00000006c5700000|
|  62|0x00000006c5800000, 0x00000006c5800000, 0x00000006c5900000|  0%| F|  |TS  0|AC  0|TAMS 0x00000006c5800000, 0x00000006c5800000|
|  63|0x00000006c5900000, 0x00000006c5900000, 0x00000006c5a00000|  0%| F|  |TS  0|AC  0|TAMS 0x00000006c5900000, 0x00000006c5900000|
|  64|0x00000006c5a00000, 0x00000006c5a00000, 0x00000006c5b00000|  0%| F|  |TS  0|AC  0|TAMS 0x00000006c5a00000, 0x00000006c5a00000|
|  65|0x00000006c5b00000, 0x00000006c5b00000, 0x00000006c5c00000|  0%| F|  |TS  0|AC  0|TAMS 0x00000006c5b00000, 0x00000006c5b00000|
|  66|0x00000006c5c00000, 0x00000006c5c00000, 0x00000006c5d00000|  0%| F|  |TS  0|AC  0|TAMS 0x00000006c5c00000, 0x00000006c5c00000|
|  67|0x00000006c5d00000, 0x00000006c5d00000, 0x00000006c5e00000|  0%| F|  |TS  0|AC  0|TAMS 0x00000006c5d00000, 0x00000006c5d00000|
|  68|0x00000006c5e00000, 0x00000006c5e00000, 0x00000006c5f00000|  0%| F|  |TS  0|AC  0|TAMS 0x00000006c5e00000, 0x00000006c5e00000|
|  69|0x00000006c5f00000, 0x00000006c5f00000, 0x00000006c6000000|  0%| F|  |TS  0|AC  0|TAMS 0x00000006c5f00000, 0x00000006c5f00000|
|  70|0x00000006c6000000, 0x00000006c6000000, 0x00000006c6100000|  0%| F|  |TS  0|AC  0|TAMS 0x00000006c6000000, 0x00000006c6000000|
|  71|0x00000006c6100000, 0x00000006c6100000, 0x00000006c6200000|  0%| F|  |TS  0|AC  0|TAMS 0x00000006c6100000, 0x00000006c6100000|
|  72|0x00000006c6200000, 0x00000006c6200000, 0x00000006c6300000|  0%| F|  |TS  0|AC  0|TAMS 0x00000006c6200000, 0x00000006c6200000|
|  73|0x00000006c6300000, 0x00000006c6300000, 0x00000006c6400000|  0%| F|  |TS  0|AC  0|TAMS 0x00000006c6300000, 0x00000006c6300000|
|  74|0x00000006c6400000, 0x00000006c6400000, 0x00000006c6500000|  0%| F|  |TS  0|AC  0|TAMS 0x00000006c6400000, 0x00000006c6400000|
|  75|0x00000006c6500000, 0x00000006c6500000, 0x00000006c6600000|  0%| F|  |TS  0|AC  0|TAMS 0x00000006c6500000, 0x00000006c6500000|
|  76|0x00000006c6600000, 0x00000006c6600000, 0x00000006c6700000|  0%| F|  |TS  0|AC  0|TAMS 0x00000006c6600000, 0x00000006c6600000|
|  77|0x00000006c6700000, 0x00000006c6700000, 0x00000006c6800000|  0%| F|  |TS  0|AC  0|TAMS 0x00000006c6700000, 0x00000006c6700000|
|  78|0x00000006c6800000, 0x00000006c6800000, 0x00000006c6900000|  0%| F|  |TS  0|AC  0|TAMS 0x00000006c6800000, 0x00000006c6800000|
|  79|0x00000006c6900000, 0x00000006c6900000, 0x00000006c6a00000|  0%| F|  |TS  0|AC  0|TAMS 0x00000006c6900000, 0x00000006c6900000|
|  80|0x00000006c6a00000, 0x00000006c6a00000, 0x00000006c6b00000|  0%| F|  |TS  0|AC  0|TAMS 0x00000006c6a00000, 0x00000006c6a00000|
|  81|0x00000006c6b00000, 0x00000006c6b00000, 0x00000006c6c00000|  0%| F|  |TS  0|AC  0|TAMS 0x00000006c6b00000, 0x00000006c6b00000|
|  82|0x00000006c6c00000, 0x00000006c6c00000, 0x00000006c6d00000|  0%| F|  |TS  0|AC  0|TAMS 0x00000006c6c00000, 0x00000006c6c00000|
|  83|0x00000006c6d00000, 0x00000006c6d00000, 0x00000006c6e00000|  0%| F|  |TS  0|AC  0|TAMS 0x00000006c6d00000, 0x00000006c6d00000|
|  84|0x00000006c6e00000, 0x00000006c6e00000, 0x00000006c6f00000|  0%| F|  |TS  0|AC  0|TAMS 0x00000006c6e00000, 0x00000006c6e00000|
|  85|0x00000006c6f00000, 0x00000006c6f00000, 0x00000006c7000000|  0%| F|  |TS  0|AC  0|TAMS 0x00000006c6f00000, 0x00000006c6f00000|
|  86|0x00000006c7000000, 0x00000006c70f2ba0, 0x00000006c7100000| 94%| S|CS|TS  5|AC  0|TAMS 0x00000006c7000000, 0x00000006c7000000|
|  87|0x00000006c7100000, 0x00000006c7200000, 0x00000006c7200000|100%| S|CS|TS  5|AC  0|TAMS 0x00000006c7100000, 0x00000006c7100000|
|  88|0x00000006c7200000, 0x00000006c7300000, 0x00000006c7300000|100%| S|CS|TS  5|AC  0|TAMS 0x00000006c7200000, 0x00000006c7200000|
|  89|0x00000006c7300000, 0x00000006c7400000, 0x00000006c7400000|100%| S|CS|TS  5|AC  0|TAMS 0x00000006c7300000, 0x00000006c7300000|
|  90|0x00000006c7400000, 0x00000006c7500000, 0x00000006c7500000|100%| S|CS|TS  5|AC  0|TAMS 0x00000006c7400000, 0x00000006c7400000|
|  91|0x00000006c7500000, 0x00000006c7600000, 0x00000006c7600000|100%| S|CS|TS  5|AC  0|TAMS 0x00000006c7500000, 0x00000006c7500000|
|  92|0x00000006c7600000, 0x00000006c7700000, 0x00000006c7700000|100%| S|CS|TS  5|AC  0|TAMS 0x00000006c7600000, 0x00000006c7600000|
|  93|0x00000006c7700000, 0x00000006c7800000, 0x00000006c7800000|100%| S|CS|TS  5|AC  0|TAMS 0x00000006c7700000, 0x00000006c7700000|
|  94|0x00000006c7800000, 0x00000006c7900000, 0x00000006c7900000|100%| S|CS|TS  5|AC  0|TAMS 0x00000006c7800000, 0x00000006c7800000|
|  95|0x00000006c7900000, 0x00000006c7a00000, 0x00000006c7a00000|100%| S|CS|TS  5|AC  0|TAMS 0x00000006c7900000, 0x00000006c7900000|
|  96|0x00000006c7a00000, 0x00000006c7b00000, 0x00000006c7b00000|100%| S|CS|TS  5|AC  0|TAMS 0x00000006c7a00000, 0x00000006c7a00000|
|  97|0x00000006c7b00000, 0x00000006c7c00000, 0x00000006c7c00000|100%| S|CS|TS  5|AC  0|TAMS 0x00000006c7b00000, 0x00000006c7b00000|
|  98|0x00000006c7c00000, 0x00000006c7d00000, 0x00000006c7d00000|100%| S|CS|TS  5|AC  0|TAMS 0x00000006c7c00000, 0x00000006c7c00000|
|  99|0x00000006c7d00000, 0x00000006c7e00000, 0x00000006c7e00000|100%| S|CS|TS  5|AC  0|TAMS 0x00000006c7d00000, 0x00000006c7d00000|
| 100|0x00000006c7e00000, 0x00000006c7f00000, 0x00000006c7f00000|100%| S|CS|TS  5|AC  0|TAMS 0x00000006c7e00000, 0x00000006c7e00000|
| 101|0x00000006c7f00000, 0x00000006c8000000, 0x00000006c8000000|100%| S|CS|TS  5|AC  0|TAMS 0x00000006c7f00000, 0x00000006c7f00000|
| 102|0x00000006c8000000, 0x00000006c8100000, 0x00000006c8100000|100%| S|CS|TS  5|AC  0|TAMS 0x00000006c8000000, 0x00000006c8000000|
| 103|0x00000006c8100000, 0x00000006c8100000, 0x00000006c8200000|  0%| F|  |TS  5|AC  0|TAMS 0x00000006c8100000, 0x00000006c8100000|
| 104|0x00000006c8200000, 0x00000006c8200000, 0x00000006c8300000|  0%| F|  |TS  5|AC  0|TAMS 0x00000006c8200000, 0x00000006c8200000|
| 105|0x00000006c8300000, 0x00000006c8300000, 0x00000006c8400000|  0%| F|  |TS  5|AC  0|TAMS 0x00000006c8300000, 0x00000006c8300000|
| 106|0x00000006c8400000, 0x00000006c8400000, 0x00000006c8500000|  0%| F|  |TS  5|AC  0|TAMS 0x00000006c8400000, 0x00000006c8400000|
| 107|0x00000006c8500000, 0x00000006c8500000, 0x00000006c8600000|  0%| F|  |TS  5|AC  0|TAMS 0x00000006c8500000, 0x00000006c8500000|
| 108|0x00000006c8600000, 0x00000006c8600000, 0x00000006c8700000|  0%| F|  |TS  5|AC  0|TAMS 0x00000006c8600000, 0x00000006c8600000|
| 109|0x00000006c8700000, 0x00000006c8700000, 0x00000006c8800000|  0%| F|  |TS  5|AC  0|TAMS 0x00000006c8700000, 0x00000006c8700000|
| 110|0x00000006c8800000, 0x00000006c8800000, 0x00000006c8900000|  0%| F|  |TS  5|AC  0|TAMS 0x00000006c8800000, 0x00000006c8800000|
| 111|0x00000006c8900000, 0x00000006c8900000, 0x00000006c8a00000|  0%| F|  |TS  5|AC  0|TAMS 0x00000006c8900000, 0x00000006c8900000|
| 112|0x00000006c8a00000, 0x00000006c8a00000, 0x00000006c8b00000|  0%| F|  |TS  5|AC  0|TAMS 0x00000006c8a00000, 0x00000006c8a00000|
| 113|0x00000006c8b00000, 0x00000006c8b00000, 0x00000006c8c00000|  0%| F|  |TS  5|AC  0|TAMS 0x00000006c8b00000, 0x00000006c8b00000|
| 114|0x00000006c8c00000, 0x00000006c8c00000, 0x00000006c8d00000|  0%| F|  |TS  5|AC  0|TAMS 0x00000006c8c00000, 0x00000006c8c00000|
| 115|0x00000006c8d00000, 0x00000006c8d00000, 0x00000006c8e00000|  0%| F|  |TS  5|AC  0|TAMS 0x00000006c8d00000, 0x00000006c8d00000|
| 116|0x00000006c8e00000, 0x00000006c8e00000, 0x00000006c8f00000|  0%| F|  |TS  5|AC  0|TAMS 0x00000006c8e00000, 0x00000006c8e00000|
| 117|0x00000006c8f00000, 0x00000006c8f00000, 0x00000006c9000000|  0%| F|  |TS  5|AC  0|TAMS 0x00000006c8f00000, 0x00000006c8f00000|
| 118|0x00000006c9000000, 0x00000006c9000000, 0x00000006c9100000|  0%| F|  |TS  5|AC  0|TAMS 0x00000006c9000000, 0x00000006c9000000|
| 119|0x00000006c9100000, 0x00000006c9100000, 0x00000006c9200000|  0%| F|  |TS  5|AC  0|TAMS 0x00000006c9100000, 0x00000006c9100000|
| 120|0x00000006c9200000, 0x00000006c9200000, 0x00000006c9300000|  0%| F|  |TS  5|AC  0|TAMS 0x00000006c9200000, 0x00000006c9200000|
| 121|0x00000006c9300000, 0x00000006c9300000, 0x00000006c9400000|  0%| F|  |TS  5|AC  0|TAMS 0x00000006c9300000, 0x00000006c9300000|
| 122|0x00000006c9400000, 0x00000006c9400000, 0x00000006c9500000|  0%| F|  |TS  5|AC  0|TAMS 0x00000006c9400000, 0x00000006c9400000|
| 123|0x00000006c9500000, 0x00000006c9500000, 0x00000006c9600000|  0%| F|  |TS  5|AC  0|TAMS 0x00000006c9500000, 0x00000006c9500000|
| 124|0x00000006c9600000, 0x00000006c9600000, 0x00000006c9700000|  0%| F|  |TS  5|AC  0|TAMS 0x00000006c9600000, 0x00000006c9600000|
| 125|0x00000006c9700000, 0x00000006c9700000, 0x00000006c9800000|  0%| F|  |TS  5|AC  0|TAMS 0x00000006c9700000, 0x00000006c9700000|
| 126|0x00000006c9800000, 0x00000006c9800000, 0x00000006c9900000|  0%| F|  |TS  5|AC  0|TAMS 0x00000006c9800000, 0x00000006c9800000|
| 127|0x00000006c9900000, 0x00000006c9900000, 0x00000006c9a00000|  0%| F|  |TS  5|AC  0|TAMS 0x00000006c9900000, 0x00000006c9900000|
| 128|0x00000006c9a00000, 0x00000006c9a00000, 0x00000006c9b00000|  0%| F|  |TS  5|AC  0|TAMS 0x00000006c9a00000, 0x00000006c9a00000|
| 129|0x00000006c9b00000, 0x00000006c9b00000, 0x00000006c9c00000|  0%| F|  |TS  5|AC  0|TAMS 0x00000006c9b00000, 0x00000006c9b00000|
| 130|0x00000006c9c00000, 0x00000006c9c00000, 0x00000006c9d00000|  0%| F|  |TS  5|AC  0|TAMS 0x00000006c9c00000, 0x00000006c9c00000|
| 131|0x00000006c9d00000, 0x00000006c9d00000, 0x00000006c9e00000|  0%| F|  |TS  5|AC  0|TAMS 0x00000006c9d00000, 0x00000006c9d00000|
| 132|0x00000006c9e00000, 0x00000006c9e00000, 0x00000006c9f00000|  0%| F|  |TS  5|AC  0|TAMS 0x00000006c9e00000, 0x00000006c9e00000|
| 133|0x00000006c9f00000, 0x00000006c9f00000, 0x00000006ca000000|  0%| F|  |TS  5|AC  0|TAMS 0x00000006c9f00000, 0x00000006c9f00000|
| 134|0x00000006ca000000, 0x00000006ca000000, 0x00000006ca100000|  0%| F|  |TS  5|AC  0|TAMS 0x00000006ca000000, 0x00000006ca000000|
| 135|0x00000006ca100000, 0x00000006ca100000, 0x00000006ca200000|  0%| F|  |TS  5|AC  0|TAMS 0x00000006ca100000, 0x00000006ca100000|
| 136|0x00000006ca200000, 0x00000006ca200000, 0x00000006ca300000|  0%| F|  |TS  5|AC  0|TAMS 0x00000006ca200000, 0x00000006ca200000|
| 137|0x00000006ca300000, 0x00000006ca300000, 0x00000006ca400000|  0%| F|  |TS  5|AC  0|TAMS 0x00000006ca300000, 0x00000006ca300000|
| 138|0x00000006ca400000, 0x00000006ca400000, 0x00000006ca500000|  0%| F|  |TS  5|AC  0|TAMS 0x00000006ca400000, 0x00000006ca400000|
| 139|0x00000006ca500000, 0x00000006ca500000, 0x00000006ca600000|  0%| F|  |TS  5|AC  0|TAMS 0x00000006ca500000, 0x00000006ca500000|
| 140|0x00000006ca600000, 0x00000006ca600000, 0x00000006ca700000|  0%| F|  |TS  5|AC  0|TAMS 0x00000006ca600000, 0x00000006ca600000|
| 141|0x00000006ca700000, 0x00000006ca700000, 0x00000006ca800000|  0%| F|  |TS  5|AC  0|TAMS 0x00000006ca700000, 0x00000006ca700000|
| 142|0x00000006ca800000, 0x00000006ca800000, 0x00000006ca900000|  0%| F|  |TS  5|AC  0|TAMS 0x00000006ca800000, 0x00000006ca800000|
| 143|0x00000006ca900000, 0x00000006ca900000, 0x00000006caa00000|  0%| F|  |TS  5|AC  0|TAMS 0x00000006ca900000, 0x00000006ca900000|
| 144|0x00000006caa00000, 0x00000006caa00000, 0x00000006cab00000|  0%| F|  |TS  5|AC  0|TAMS 0x00000006caa00000, 0x00000006caa00000|
| 145|0x00000006cab00000, 0x00000006cab00000, 0x00000006cac00000|  0%| F|  |TS  5|AC  0|TAMS 0x00000006cab00000, 0x00000006cab00000|
| 146|0x00000006cac00000, 0x00000006cac00000, 0x00000006cad00000|  0%| F|  |TS  5|AC  0|TAMS 0x00000006cac00000, 0x00000006cac00000|
| 147|0x00000006cad00000, 0x00000006cad00000, 0x00000006cae00000|  0%| F|  |TS  5|AC  0|TAMS 0x00000006cad00000, 0x00000006cad00000|
| 148|0x00000006cae00000, 0x00000006cae00000, 0x00000006caf00000|  0%| F|  |TS  5|AC  0|TAMS 0x00000006cae00000, 0x00000006cae00000|
| 149|0x00000006caf00000, 0x00000006caf00000, 0x00000006cb000000|  0%| F|  |TS  5|AC  0|TAMS 0x00000006caf00000, 0x00000006caf00000|
| 150|0x00000006cb000000, 0x00000006cb000000, 0x00000006cb100000|  0%| F|  |TS  5|AC  0|TAMS 0x00000006cb000000, 0x00000006cb000000|
| 151|0x00000006cb100000, 0x00000006cb100000, 0x00000006cb200000|  0%| F|  |TS  5|AC  0|TAMS 0x00000006cb100000, 0x00000006cb100000|
| 152|0x00000006cb200000, 0x00000006cb200000, 0x00000006cb300000|  0%| F|  |TS  5|AC  0|TAMS 0x00000006cb200000, 0x00000006cb200000|
| 153|0x00000006cb300000, 0x00000006cb300000, 0x00000006cb400000|  0%| F|  |TS  5|AC  0|TAMS 0x00000006cb300000, 0x00000006cb300000|
| 154|0x00000006cb400000, 0x00000006cb400000, 0x00000006cb500000|  0%| F|  |TS  5|AC  0|TAMS 0x00000006cb400000, 0x00000006cb400000|
| 155|0x00000006cb500000, 0x00000006cb500000, 0x00000006cb600000|  0%| F|  |TS  5|AC  0|TAMS 0x00000006cb500000, 0x00000006cb500000|
| 156|0x00000006cb600000, 0x00000006cb600000, 0x00000006cb700000|  0%| F|  |TS  5|AC  0|TAMS 0x00000006cb600000, 0x00000006cb600000|
| 157|0x00000006cb700000, 0x00000006cb700000, 0x00000006cb800000|  0%| F|  |TS  5|AC  0|TAMS 0x00000006cb700000, 0x00000006cb700000|
| 158|0x00000006cb800000, 0x00000006cb800000, 0x00000006cb900000|  0%| F|  |TS  5|AC  0|TAMS 0x00000006cb800000, 0x00000006cb800000|
| 159|0x00000006cb900000, 0x00000006cb900000, 0x00000006cba00000|  0%| F|  |TS  5|AC  0|TAMS 0x00000006cb900000, 0x00000006cb900000|
| 160|0x00000006cba00000, 0x00000006cba00000, 0x00000006cbb00000|  0%| F|  |TS  5|AC  0|TAMS 0x00000006cba00000, 0x00000006cba00000|
| 161|0x00000006cbb00000, 0x00000006cbb00000, 0x00000006cbc00000|  0%| F|  |TS  5|AC  0|TAMS 0x00000006cbb00000, 0x00000006cbb00000|
| 162|0x00000006cbc00000, 0x00000006cbc00000, 0x00000006cbd00000|  0%| F|  |TS  5|AC  0|TAMS 0x00000006cbc00000, 0x00000006cbc00000|
| 163|0x00000006cbd00000, 0x00000006cbd00000, 0x00000006cbe00000|  0%| F|  |TS  5|AC  0|TAMS 0x00000006cbd00000, 0x00000006cbd00000|
| 164|0x00000006cbe00000, 0x00000006cbe00000, 0x00000006cbf00000|  0%| F|  |TS  5|AC  0|TAMS 0x00000006cbe00000, 0x00000006cbe00000|
| 165|0x00000006cbf00000, 0x00000006cbf00000, 0x00000006cc000000|  0%| F|  |TS  5|AC  0|TAMS 0x00000006cbf00000, 0x00000006cbf00000|
| 166|0x00000006cc000000, 0x00000006cc000000, 0x00000006cc100000|  0%| F|  |TS  5|AC  0|TAMS 0x00000006cc000000, 0x00000006cc000000|
| 167|0x00000006cc100000, 0x00000006cc100000, 0x00000006cc200000|  0%| F|  |TS  5|AC  0|TAMS 0x00000006cc100000, 0x00000006cc100000|
| 168|0x00000006cc200000, 0x00000006cc200000, 0x00000006cc300000|  0%| F|  |TS  5|AC  0|TAMS 0x00000006cc200000, 0x00000006cc200000|
| 169|0x00000006cc300000, 0x00000006cc300000, 0x00000006cc400000|  0%| F|  |TS  5|AC  0|TAMS 0x00000006cc300000, 0x00000006cc300000|
| 170|0x00000006cc400000, 0x00000006cc400000, 0x00000006cc500000|  0%| F|  |TS  5|AC  0|TAMS 0x00000006cc400000, 0x00000006cc400000|
| 171|0x00000006cc500000, 0x00000006cc500000, 0x00000006cc600000|  0%| F|  |TS  5|AC  0|TAMS 0x00000006cc500000, 0x00000006cc500000|
| 172|0x00000006cc600000, 0x00000006cc600000, 0x00000006cc700000|  0%| F|  |TS  5|AC  0|TAMS 0x00000006cc600000, 0x00000006cc600000|
| 173|0x00000006cc700000, 0x00000006cc700000, 0x00000006cc800000|  0%| F|  |TS  5|AC  0|TAMS 0x00000006cc700000, 0x00000006cc700000|
| 174|0x00000006cc800000, 0x00000006cc800000, 0x00000006cc900000|  0%| F|  |TS  5|AC  0|TAMS 0x00000006cc800000, 0x00000006cc800000|
| 175|0x00000006cc900000, 0x00000006cc900000, 0x00000006cca00000|  0%| F|  |TS  5|AC  0|TAMS 0x00000006cc900000, 0x00000006cc900000|
| 176|0x00000006cca00000, 0x00000006cca00000, 0x00000006ccb00000|  0%| F|  |TS  5|AC  0|TAMS 0x00000006cca00000, 0x00000006cca00000|
| 177|0x00000006ccb00000, 0x00000006ccb00000, 0x00000006ccc00000|  0%| F|  |TS  5|AC  0|TAMS 0x00000006ccb00000, 0x00000006ccb00000|
| 178|0x00000006ccc00000, 0x00000006ccc00000, 0x00000006ccd00000|  0%| F|  |TS  5|AC  0|TAMS 0x00000006ccc00000, 0x00000006ccc00000|
| 179|0x00000006ccd00000, 0x00000006ccd00000, 0x00000006cce00000|  0%| F|  |TS  5|AC  0|TAMS 0x00000006ccd00000, 0x00000006ccd00000|
| 180|0x00000006cce00000, 0x00000006cce00000, 0x00000006ccf00000|  0%| F|  |TS  5|AC  0|TAMS 0x00000006cce00000, 0x00000006cce00000|
| 181|0x00000006ccf00000, 0x00000006ccf00000, 0x00000006cd000000|  0%| F|  |TS  5|AC  0|TAMS 0x00000006ccf00000, 0x00000006ccf00000|
| 182|0x00000006cd000000, 0x00000006cd000000, 0x00000006cd100000|  0%| F|  |TS  5|AC  0|TAMS 0x00000006cd000000, 0x00000006cd000000|
| 183|0x00000006cd100000, 0x00000006cd100000, 0x00000006cd200000|  0%| F|  |TS  5|AC  0|TAMS 0x00000006cd100000, 0x00000006cd100000|
| 184|0x00000006cd200000, 0x00000006cd200000, 0x00000006cd300000|  0%| F|  |TS  5|AC  0|TAMS 0x00000006cd200000, 0x00000006cd200000|
| 185|0x00000006cd300000, 0x00000006cd300000, 0x00000006cd400000|  0%| F|  |TS  5|AC  0|TAMS 0x00000006cd300000, 0x00000006cd300000|
| 186|0x00000006cd400000, 0x00000006cd400000, 0x00000006cd500000|  0%| F|  |TS  5|AC  0|TAMS 0x00000006cd400000, 0x00000006cd400000|
| 187|0x00000006cd500000, 0x00000006cd500000, 0x00000006cd600000|  0%| F|  |TS  5|AC  0|TAMS 0x00000006cd500000, 0x00000006cd500000|
| 188|0x00000006cd600000, 0x00000006cd600000, 0x00000006cd700000|  0%| F|  |TS  5|AC  0|TAMS 0x00000006cd600000, 0x00000006cd600000|
| 189|0x00000006cd700000, 0x00000006cd700000, 0x00000006cd800000|  0%| F|  |TS  5|AC  0|TAMS 0x00000006cd700000, 0x00000006cd700000|
| 190|0x00000006cd800000, 0x00000006cd800000, 0x00000006cd900000|  0%| F|  |TS  5|AC  0|TAMS 0x00000006cd800000, 0x00000006cd800000|
| 191|0x00000006cd900000, 0x00000006cd900000, 0x00000006cda00000|  0%| F|  |TS  5|AC  0|TAMS 0x00000006cd900000, 0x00000006cd900000|
| 192|0x00000006cda00000, 0x00000006cda00000, 0x00000006cdb00000|  0%| F|  |TS  5|AC  0|TAMS 0x00000006cda00000, 0x00000006cda00000|
| 193|0x00000006cdb00000, 0x00000006cdb00000, 0x00000006cdc00000|  0%| F|  |TS  5|AC  0|TAMS 0x00000006cdb00000, 0x00000006cdb00000|
| 194|0x00000006cdc00000, 0x00000006cdc00000, 0x00000006cdd00000|  0%| F|  |TS  5|AC  0|TAMS 0x00000006cdc00000, 0x00000006cdc00000|
| 195|0x00000006cdd00000, 0x00000006cdd00000, 0x00000006cde00000|  0%| F|  |TS  5|AC  0|TAMS 0x00000006cdd00000, 0x00000006cdd00000|
| 196|0x00000006cde00000, 0x00000006cde00000, 0x00000006cdf00000|  0%| F|  |TS  5|AC  0|TAMS 0x00000006cde00000, 0x00000006cde00000|
| 197|0x00000006cdf00000, 0x00000006cdf00000, 0x00000006ce000000|  0%| F|  |TS  5|AC  0|TAMS 0x00000006cdf00000, 0x00000006cdf00000|
| 198|0x00000006ce000000, 0x00000006ce000000, 0x00000006ce100000|  0%| F|  |TS  5|AC  0|TAMS 0x00000006ce000000, 0x00000006ce000000|
| 199|0x00000006ce100000, 0x00000006ce100000, 0x00000006ce200000|  0%| F|  |TS  5|AC  0|TAMS 0x00000006ce100000, 0x00000006ce100000|
| 200|0x00000006ce200000, 0x00000006ce200000, 0x00000006ce300000|  0%| F|  |TS  5|AC  0|TAMS 0x00000006ce200000, 0x00000006ce200000|
| 201|0x00000006ce300000, 0x00000006ce300000, 0x00000006ce400000|  0%| F|  |TS  5|AC  0|TAMS 0x00000006ce300000, 0x00000006ce300000|
| 202|0x00000006ce400000, 0x00000006ce400000, 0x00000006ce500000|  0%| F|  |TS  5|AC  0|TAMS 0x00000006ce400000, 0x00000006ce400000|
| 203|0x00000006ce500000, 0x00000006ce600000, 0x00000006ce600000|100%| E|  |TS  5|AC  0|TAMS 0x00000006ce500000, 0x00000006ce500000|
| 204|0x00000006ce600000, 0x00000006ce700000, 0x00000006ce700000|100%| E|CS|TS  5|AC  0|TAMS 0x00000006ce600000, 0x00000006ce600000|
| 205|0x00000006ce700000, 0x00000006ce800000, 0x00000006ce800000|100%| E|CS|TS  5|AC  0|TAMS 0x00000006ce700000, 0x00000006ce700000|
| 206|0x00000006ce800000, 0x00000006ce900000, 0x00000006ce900000|100%| E|CS|TS  5|AC  0|TAMS 0x00000006ce800000, 0x00000006ce800000|
| 207|0x00000006ce900000, 0x00000006cea00000, 0x00000006cea00000|100%| E|CS|TS  5|AC  0|TAMS 0x00000006ce900000, 0x00000006ce900000|
| 208|0x00000006cea00000, 0x00000006ceb00000, 0x00000006ceb00000|100%| E|CS|TS  5|AC  0|TAMS 0x00000006cea00000, 0x00000006cea00000|
| 209|0x00000006ceb00000, 0x00000006cec00000, 0x00000006cec00000|100%| E|CS|TS  5|AC  0|TAMS 0x00000006ceb00000, 0x00000006ceb00000|
| 210|0x00000006cec00000, 0x00000006ced00000, 0x00000006ced00000|100%| E|CS|TS  5|AC  0|TAMS 0x00000006cec00000, 0x00000006cec00000|
| 211|0x00000006ced00000, 0x00000006cee00000, 0x00000006cee00000|100%| E|CS|TS  5|AC  0|TAMS 0x00000006ced00000, 0x00000006ced00000|
| 212|0x00000006cee00000, 0x00000006cef00000, 0x00000006cef00000|100%| E|CS|TS  5|AC  0|TAMS 0x00000006cee00000, 0x00000006cee00000|
| 213|0x00000006cef00000, 0x00000006cf000000, 0x00000006cf000000|100%| E|CS|TS  5|AC  0|TAMS 0x00000006cef00000, 0x00000006cef00000|
| 214|0x00000006cf000000, 0x00000006cf100000, 0x00000006cf100000|100%| E|CS|TS  5|AC  0|TAMS 0x00000006cf000000, 0x00000006cf000000|
| 215|0x00000006cf100000, 0x00000006cf200000, 0x00000006cf200000|100%| E|CS|TS  5|AC  0|TAMS 0x00000006cf100000, 0x00000006cf100000|
| 216|0x00000006cf200000, 0x00000006cf300000, 0x00000006cf300000|100%| E|CS|TS  5|AC  0|TAMS 0x00000006cf200000, 0x00000006cf200000|
| 217|0x00000006cf300000, 0x00000006cf400000, 0x00000006cf400000|100%| E|CS|TS  5|AC  0|TAMS 0x00000006cf300000, 0x00000006cf300000|
| 218|0x00000006cf400000, 0x00000006cf500000, 0x00000006cf500000|100%| E|CS|TS  5|AC  0|TAMS 0x00000006cf400000, 0x00000006cf400000|
| 219|0x00000006cf500000, 0x00000006cf600000, 0x00000006cf600000|100%| E|CS|TS  5|AC  0|TAMS 0x00000006cf500000, 0x00000006cf500000|
| 220|0x00000006cf600000, 0x00000006cf700000, 0x00000006cf700000|100%| E|CS|TS  5|AC  0|TAMS 0x00000006cf600000, 0x00000006cf600000|
| 221|0x00000006cf700000, 0x00000006cf800000, 0x00000006cf800000|100%| E|CS|TS  5|AC  0|TAMS 0x00000006cf700000, 0x00000006cf700000|
| 222|0x00000006cf800000, 0x00000006cf900000, 0x00000006cf900000|100%| E|CS|TS  5|AC  0|TAMS 0x00000006cf800000, 0x00000006cf800000|
| 223|0x00000006cf900000, 0x00000006cfa00000, 0x00000006cfa00000|100%| E|CS|TS  5|AC  0|TAMS 0x00000006cf900000, 0x00000006cf900000|
| 224|0x00000006cfa00000, 0x00000006cfb00000, 0x00000006cfb00000|100%| E|CS|TS  5|AC  0|TAMS 0x00000006cfa00000, 0x00000006cfa00000|
| 225|0x00000006cfb00000, 0x00000006cfc00000, 0x00000006cfc00000|100%| E|CS|TS  5|AC  0|TAMS 0x00000006cfb00000, 0x00000006cfb00000|
| 226|0x00000006cfc00000, 0x00000006cfd00000, 0x00000006cfd00000|100%| E|CS|TS  5|AC  0|TAMS 0x00000006cfc00000, 0x00000006cfc00000|
| 227|0x00000006cfd00000, 0x00000006cfe00000, 0x00000006cfe00000|100%| E|CS|TS  5|AC  0|TAMS 0x00000006cfd00000, 0x00000006cfd00000|
| 228|0x00000006cfe00000, 0x00000006cff00000, 0x00000006cff00000|100%| E|CS|TS  5|AC  0|TAMS 0x00000006cfe00000, 0x00000006cfe00000|
| 229|0x00000006cff00000, 0x00000006d0000000, 0x00000006d0000000|100%| E|CS|TS  5|AC  0|TAMS 0x00000006cff00000, 0x00000006cff00000|
| 230|0x00000006d0000000, 0x00000006d0100000, 0x00000006d0100000|100%| E|CS|TS  5|AC  0|TAMS 0x00000006d0000000, 0x00000006d0000000|
| 231|0x00000006d0100000, 0x00000006d0200000, 0x00000006d0200000|100%| E|CS|TS  5|AC  0|TAMS 0x00000006d0100000, 0x00000006d0100000|
| 232|0x00000006d0200000, 0x00000006d0300000, 0x00000006d0300000|100%| E|CS|TS  5|AC  0|TAMS 0x00000006d0200000, 0x00000006d0200000|
| 233|0x00000006d0300000, 0x00000006d0400000, 0x00000006d0400000|100%| E|CS|TS  5|AC  0|TAMS 0x00000006d0300000, 0x00000006d0300000|
| 234|0x00000006d0400000, 0x00000006d0500000, 0x00000006d0500000|100%| E|CS|TS  5|AC  0|TAMS 0x00000006d0400000, 0x00000006d0400000|
| 235|0x00000006d0500000, 0x00000006d0600000, 0x00000006d0600000|100%| E|CS|TS  5|AC  0|TAMS 0x00000006d0500000, 0x00000006d0500000|
| 236|0x00000006d0600000, 0x00000006d0700000, 0x00000006d0700000|100%| E|CS|TS  5|AC  0|TAMS 0x00000006d0600000, 0x00000006d0600000|
| 237|0x00000006d0700000, 0x00000006d0800000, 0x00000006d0800000|100%| E|CS|TS  5|AC  0|TAMS 0x00000006d0700000, 0x00000006d0700000|
| 238|0x00000006d0800000, 0x00000006d0900000, 0x00000006d0900000|100%| E|CS|TS  5|AC  0|TAMS 0x00000006d0800000, 0x00000006d0800000|
| 239|0x00000006d0900000, 0x00000006d0a00000, 0x00000006d0a00000|100%| E|CS|TS  5|AC  0|TAMS 0x00000006d0900000, 0x00000006d0900000|
| 240|0x00000006d0a00000, 0x00000006d0b00000, 0x00000006d0b00000|100%| E|CS|TS  5|AC  0|TAMS 0x00000006d0a00000, 0x00000006d0a00000|
| 241|0x00000006d0b00000, 0x00000006d0c00000, 0x00000006d0c00000|100%| E|CS|TS  5|AC  0|TAMS 0x00000006d0b00000, 0x00000006d0b00000|
| 242|0x00000006d0c00000, 0x00000006d0d00000, 0x00000006d0d00000|100%| E|CS|TS  5|AC  0|TAMS 0x00000006d0c00000, 0x00000006d0c00000|
| 243|0x00000006d0d00000, 0x00000006d0e00000, 0x00000006d0e00000|100%| E|CS|TS  5|AC  0|TAMS 0x00000006d0d00000, 0x00000006d0d00000|
| 244|0x00000006d0e00000, 0x00000006d0f00000, 0x00000006d0f00000|100%| E|CS|TS  5|AC  0|TAMS 0x00000006d0e00000, 0x00000006d0e00000|
| 245|0x00000006d0f00000, 0x00000006d1000000, 0x00000006d1000000|100%| E|CS|TS  5|AC  0|TAMS 0x00000006d0f00000, 0x00000006d0f00000|
| 246|0x00000006d1000000, 0x00000006d1100000, 0x00000006d1100000|100%| E|CS|TS  5|AC  0|TAMS 0x00000006d1000000, 0x00000006d1000000|
| 247|0x00000006d1100000, 0x00000006d1200000, 0x00000006d1200000|100%| E|CS|TS  5|AC  0|TAMS 0x00000006d1100000, 0x00000006d1100000|
| 248|0x00000006d1200000, 0x00000006d1300000, 0x00000006d1300000|100%| E|CS|TS  5|AC  0|TAMS 0x00000006d1200000, 0x00000006d1200000|
| 249|0x00000006d1300000, 0x00000006d1400000, 0x00000006d1400000|100%| E|CS|TS  5|AC  0|TAMS 0x00000006d1300000, 0x00000006d1300000|
| 250|0x00000006d1400000, 0x00000006d1500000, 0x00000006d1500000|100%| E|CS|TS  5|AC  0|TAMS 0x00000006d1400000, 0x00000006d1400000|
| 251|0x00000006d1500000, 0x00000006d1600000, 0x00000006d1600000|100%| E|CS|TS  5|AC  0|TAMS 0x00000006d1500000, 0x00000006d1500000|
| 252|0x00000006d1600000, 0x00000006d1700000, 0x00000006d1700000|100%| E|CS|TS  5|AC  0|TAMS 0x00000006d1600000, 0x00000006d1600000|
| 253|0x00000006d1700000, 0x00000006d1800000, 0x00000006d1800000|100%| E|CS|TS  5|AC  0|TAMS 0x00000006d1700000, 0x00000006d1700000|
| 254|0x00000006d1800000, 0x00000006d1900000, 0x00000006d1900000|100%| E|CS|TS  5|AC  0|TAMS 0x00000006d1800000, 0x00000006d1800000|
| 255|0x00000006d1900000, 0x00000006d1a00000, 0x00000006d1a00000|100%| E|CS|TS  5|AC  0|TAMS 0x00000006d1900000, 0x00000006d1900000|

Card table byte_map: [0x000002371e2d0000,0x000002371ead0000] byte_map_base: 0x000002371acc3000

Marking Bits (Prev, Next): (CMBitMap*) 0x00000237272983f0, (CMBitMap*) 0x0000023727298428
 Prev Bits: [0x000002371f2d0000, 0x0000023723268000)
 Next Bits: [0x0000023723270000, 0x0000023727208000)

Polling page: 0x0000023701890000

CodeHeap 'non-profiled nmethods': size=120000Kb used=4252Kb max_used=4328Kb free=115747Kb
 bounds [0x0000023715320000, 0x0000023715770000, 0x000002371c850000]
CodeHeap 'profiled nmethods': size=120000Kb used=12559Kb max_used=13670Kb free=107440Kb
 bounds [0x000002370ddf0000, 0x000002370eb50000, 0x0000023715320000]
CodeHeap 'non-nmethods': size=5760Kb used=1373Kb max_used=1424Kb free=4386Kb
 bounds [0x000002370d850000, 0x000002370dac0000, 0x000002370ddf0000]
 total_blobs=7681 nmethods=5271 adapters=522
 compilation: enabled

Compilation events (10 events):
Event: 37.331 Thread 0x000002372a71e000 nmethod 5719 0x00000237153f9e10 code [0x00000237153fa0e0, 0x00000237153fbe30]
Event: 37.331 Thread 0x000002372a71e000 5724       4       java.io.FilterInputStream::read (11 bytes)
Event: 37.331 Thread 0x000002372a71e000 nmethod 5724 0x0000023715323310 code [0x00000237153234a0, 0x0000023715323538]
Event: 37.346 Thread 0x000002372a72b000 nmethod 5722 0x00000237153f6c10 code [0x00000237153f6f00, 0x00000237153f90b0]
Event: 37.542 Thread 0x0000023729e9e000 nmethod 5716 0x000002371575a110 code [0x000002371575a6e0, 0x000002371575fd70]
Event: 37.696 Thread 0x000002372a71e000 5727   !   4       jdk.internal.loader.BuiltinClassLoader::findClassOnClassPathOrNull (64 bytes)
Event: 37.732 Thread 0x000002372a72d800 5729       3       java.util.concurrent.locks.LockSupport::setBlocker (12 bytes)
Event: 37.732 Thread 0x000002372a72d800 nmethod 5729 0x000002370ddf1710 code [0x000002370ddf18c0, 0x000002370ddf1a58]
Event: 37.752 Thread 0x000002372a72d800 5730       1       java.lang.Thread::getThreadGroup (5 bytes)
Event: 37.753 Thread 0x000002372a72d800 nmethod 5730 0x0000023715335390 code [0x0000023715335540, 0x0000023715335658]

GC Heap History (10 events):
Event: 6.451 GC heap before
{Heap before GC invocations=5 (full 0):
 garbage-first heap   total 262144K, used 163751K [0x00000006c1a00000, 0x00000006c1b00800, 0x00000007c0000000)
  region size 1024K, 153 young (156672K), 5 survivors (5120K)
 Metaspace       used 33193K, capacity 34960K, committed 35072K, reserved 1079296K
  class space    used 3879K, capacity 4240K, committed 4352K, reserved 1048576K
}
Event: 6.469 GC heap after
{Heap after GC invocations=6 (full 0):
 garbage-first heap   total 262144K, used 27113K [0x00000006c1a00000, 0x00000006c1b00800, 0x00000007c0000000)
  region size 1024K, 20 young (20480K), 20 survivors (20480K)
 Metaspace       used 33193K, capacity 34960K, committed 35072K, reserved 1079296K
  class space    used 3879K, capacity 4240K, committed 4352K, reserved 1048576K
}
Event: 6.562 GC heap before
{Heap before GC invocations=6 (full 0):
 garbage-first heap   total 262144K, used 36329K [0x00000006c1a00000, 0x00000006c1b00800, 0x00000007c0000000)
  region size 1024K, 30 young (30720K), 20 survivors (20480K)
 Metaspace       used 34006K, capacity 35808K, committed 35920K, reserved 1081344K
  class space    used 3989K, capacity 4370K, committed 4432K, reserved 1048576K
}
Event: 6.571 GC heap after
{Heap after GC invocations=7 (full 0):
 garbage-first heap   total 262144K, used 18918K [0x00000006c1a00000, 0x00000006c1b00800, 0x00000007c0000000)
  region size 1024K, 4 young (4096K), 4 survivors (4096K)
 Metaspace       used 34006K, capacity 35808K, committed 35920K, reserved 1081344K
  class space    used 3989K, capacity 4370K, committed 4432K, reserved 1048576K
}
Event: 8.306 GC heap before
{Heap before GC invocations=8 (full 0):
 garbage-first heap   total 262144K, used 171494K [0x00000006c1a00000, 0x00000006c1b00800, 0x00000007c0000000)
  region size 1024K, 153 young (156672K), 4 survivors (4096K)
 Metaspace       used 41761K, capacity 44518K, committed 44624K, reserved 1089536K
  class space    used 4981K, capacity 5453K, committed 5456K, reserved 1048576K
}
Event: 8.315 GC heap after
{Heap after GC invocations=9 (full 0):
 garbage-first heap   total 262144K, used 28805K [0x00000006c1a00000, 0x00000006c1b00800, 0x00000007c0000000)
  region size 1024K, 13 young (13312K), 13 survivors (13312K)
 Metaspace       used 41761K, capacity 44518K, committed 44624K, reserved 1089536K
  class space    used 4981K, capacity 5453K, committed 5456K, reserved 1048576K
}
Event: 9.507 GC heap before
{Heap before GC invocations=9 (full 0):
 garbage-first heap   total 262144K, used 172165K [0x00000006c1a00000, 0x00000006c1b00800, 0x00000007c0000000)
  region size 1024K, 153 young (156672K), 13 survivors (13312K)
 Metaspace       used 46049K, capacity 49344K, committed 49488K, reserved 1093632K
  class space    used 5624K, capacity 6172K, committed 6224K, reserved 1048576K
}
Event: 9.524 GC heap after
{Heap after GC invocations=10 (full 0):
 garbage-first heap   total 262144K, used 32765K [0x00000006c1a00000, 0x00000006c1b00800, 0x00000007c0000000)
  region size 1024K, 10 young (10240K), 10 survivors (10240K)
 Metaspace       used 46049K, capacity 49344K, committed 49488K, reserved 1093632K
  class space    used 5624K, capacity 6172K, committed 6224K, reserved 1048576K
}
Event: 26.877 GC heap before
{Heap before GC invocations=10 (full 0):
 garbage-first heap   total 262144K, used 179197K [0x00000006c1a00000, 0x00000006c1b00800, 0x00000007c0000000)
  region size 1024K, 153 young (156672K), 10 survivors (10240K)
 Metaspace       used 51300K, capacity 54874K, committed 55120K, reserved 1097728K
  class space    used 6267K, capacity 6869K, committed 6992K, reserved 1048576K
}
Event: 26.890 GC heap after
{Heap after GC invocations=11 (full 0):
 garbage-first heap   total 262144K, used 39880K [0x00000006c1a00000, 0x00000006c1b00800, 0x00000007c0000000)
  region size 1024K, 17 young (17408K), 17 survivors (17408K)
 Metaspace       used 51300K, capacity 54874K, committed 55120K, reserved 1097728K
  class space    used 6267K, capacity 6869K, committed 6992K, reserved 1048576K
}

Deoptimization events (10 events):
Event: 16.251 Thread 0x000002373094f000 Uncommon trap: reason=unstable_if action=reinterpret pc=0x000002371565c474 method=org.springframework.core.annotation.TypeMappedAnnotations$IsPresent.doWithAnnotations(Ljava/lang/Object;ILjava/lang/Object;[Ljava/lang/annotation/Annotation;)Ljava/lang/Bool
Event: 16.297 Thread 0x000002373094f000 Uncommon trap: reason=unstable_if action=reinterpret pc=0x0000023715329da8 method=java.util.Objects.equals(Ljava/lang/Object;Ljava/lang/Object;)Z @ 6 c2
Event: 16.440 Thread 0x000002372e291800 Uncommon trap: reason=unstable_if action=reinterpret pc=0x0000023715601114 method=java.util.HashMap$HashIterator.<init>(Ljava/util/HashMap;)V @ 45 c2
Event: 36.899 Thread 0x000002372e291800 Uncommon trap: reason=unstable_if action=reinterpret pc=0x0000023715705240 method=sun.nio.ch.WindowsSelectorImpl$SubSelector.processFDSet(J[IIZ)I @ 29 c2
Event: 36.905 Thread 0x0000023730950000 Uncommon trap: reason=unstable_if action=reinterpret pc=0x0000023715707678 method=org.apache.catalina.connector.InputBuffer.realReadBytes()I @ 22 c2
Event: 36.906 Thread 0x0000023730950000 Uncommon trap: reason=unstable_if action=reinterpret pc=0x00000237156f6570 method=org.apache.tomcat.util.http.fileupload.MultipartStream.findSeparator()I @ 55 c2
Event: 36.906 Thread 0x0000023730950000 Uncommon trap: reason=unstable_if action=reinterpret pc=0x000002371570687c method=org.apache.tomcat.util.http.fileupload.ThresholdingOutputStream.checkThreshold(I)V @ 4 c2
Event: 37.273 Thread 0x0000023730950000 Uncommon trap: reason=class_check action=maybe_recompile pc=0x0000023715751ac4 method=java.io.FilterInputStream.read([B)I @ 5 c2
Event: 37.273 Thread 0x0000023730950000 Uncommon trap: reason=class_check action=maybe_recompile pc=0x0000023715751ac4 method=java.io.FilterInputStream.read([B)I @ 5 c2
Event: 37.273 Thread 0x0000023730950000 Uncommon trap: reason=class_check action=maybe_recompile pc=0x0000023715751ac4 method=java.io.FilterInputStream.read([B)I @ 5 c2

Classes redefined (0 events):
No events

Internal exceptions (10 events):
Event: 11.562 Thread 0x000002372bea5000 Exception <a 'java/lang/NoSuchMethodError'{0x00000006cec7b880}: method resolution failed> (0x00000006cec7b880) thrown at [t:/workspace/hotspot/src/share/vm/prims/methodHandles.cpp, line 1256]
Event: 11.563 Thread 0x000002372bea5000 Exception <a 'java/lang/NoSuchMethodError'{0x00000006cec83a90}: java.lang.invoke.DirectMethodHandle$Holder.invokeStatic(Ljava/lang/Object;Ljava/lang/Object;ILjava/lang/Object;Ljava/lang/Object;)Ljava/lang/Object;> (0x00000006cec83a90) thrown at [t:/worksp
Event: 11.563 Thread 0x000002372bea5000 Exception <a 'java/lang/NoSuchMethodError'{0x00000006cec87728}: method resolution failed> (0x00000006cec87728) thrown at [t:/workspace/hotspot/src/share/vm/prims/methodHandles.cpp, line 1256]
Event: 11.563 Thread 0x000002372bea5000 Exception <a 'java/lang/NoSuchMethodError'{0x00000006cec8e548}: java.lang.invoke.DirectMethodHandle$Holder.invokeSpecial(Ljava/lang/Object;Ljava/lang/Object;ILjava/lang/Object;ILjava/lang/Object;)Ljava/lang/Object;> (0x00000006cec8e548) thrown at [t:/work
Event: 11.564 Thread 0x000002372bea5000 Exception <a 'java/lang/NoSuchMethodError'{0x00000006cec962d8}: java.lang.invoke.DirectMethodHandle$Holder.invokeStatic(Ljava/lang/Object;Ljava/lang/Object;ILjava/lang/Object;I)Ljava/lang/Object;> (0x00000006cec962d8) thrown at [t:/workspace/hotspot/src/s
Event: 11.564 Thread 0x000002372bea5000 Exception <a 'java/lang/NoSuchMethodError'{0x00000006cec99bf0}: java.lang.invoke.DirectMethodHandle$Holder.invokeSpecial(Ljava/lang/Object;Ljava/lang/Object;Ljava/lang/Object;ILjava/lang/Object;I)Ljava/lang/Object;> (0x00000006cec99bf0) thrown at [t:/work
Event: 11.566 Thread 0x000002372bea5000 Exception <a 'java/lang/NoSuchMethodError'{0x00000006cecaf578}: java.lang.invoke.DirectMethodHandle$Holder.invokeVirtual(Ljava/lang/Object;Ljava/lang/Object;)V> (0x00000006cecaf578) thrown at [t:/workspace/hotspot/src/share/vm/interpreter/linkResolver.cpp
Event: 15.642 Thread 0x000002373094f000 Exception <a 'sun/nio/fs/WindowsException'{0x00000006cc9d1be0}> (0x00000006cc9d1be0) thrown at [t:/workspace/hotspot/src/share/vm/prims/jni.cpp, line 604]
Event: 16.252 Thread 0x000002373094f000 Exception <a 'java/lang/NoSuchMethodError'{0x00000006cbbde6d8}: method resolution failed> (0x00000006cbbde6d8) thrown at [t:/workspace/hotspot/src/share/vm/prims/methodHandles.cpp, line 1256]
Event: 16.297 Thread 0x000002373094f000 Implicit null exception at 0x0000023715329b42 to 0x0000023715329d93

Events (10 events):
Event: 37.749 loading class com/xuggle/xuggler/io/NullProtocolHandlerFactory
Event: 37.749 loading class com/xuggle/xuggler/io/NullProtocolHandlerFactory done
Event: 37.750 loading class com/xuggle/xuggler/io/InputOutputStreamHandler
Event: 37.750 loading class com/xuggle/xuggler/io/InputOutputStreamHandler done
Event: 37.751 loading class com/xuggle/xuggler/io/XugglerIO$RegistrationInformation
Event: 37.751 loading class com/xuggle/xuggler/io/XugglerIO$RegistrationInformation done
Event: 37.751 loading class com/xuggle/xuggler/IContainer$Type
Event: 37.751 loading class com/xuggle/xuggler/IContainer$Type done
Event: 37.752 loading class com/xuggle/xuggler/IContainer$Type$SwigNext
Event: 37.752 loading class com/xuggle/xuggler/IContainer$Type$SwigNext done


Dynamic libraries:
0x00007ff60f4e0000 - 0x00007ff60f51e000 	C:\Program Files\Java\jdk-9.0.1\bin\java.exe
0x00007ffc58e20000 - 0x00007ffc59010000 	C:\WINDOWS\SYSTEM32\ntdll.dll
0x00007ffc57230000 - 0x00007ffc572e2000 	C:\WINDOWS\System32\KERNEL32.DLL
0x00007ffc567d0000 - 0x00007ffc56a75000 	C:\WINDOWS\System32\KERNELBASE.dll
0x00007ffc56ed0000 - 0x00007ffc56f73000 	C:\WINDOWS\System32\ADVAPI32.dll
0x00007ffc579a0000 - 0x00007ffc57a3e000 	C:\WINDOWS\System32\msvcrt.dll
0x00007ffc56f80000 - 0x00007ffc57017000 	C:\WINDOWS\System32\sechost.dll
0x00007ffc570f0000 - 0x00007ffc5720f000 	C:\WINDOWS\System32\RPCRT4.dll
0x00007ffc57400000 - 0x00007ffc57594000 	C:\WINDOWS\System32\USER32.dll
0x00007ffc566a0000 - 0x00007ffc566c1000 	C:\WINDOWS\System32\win32u.dll
0x00007ffc587f0000 - 0x00007ffc58816000 	C:\WINDOWS\System32\GDI32.dll
0x00007ffc56d10000 - 0x00007ffc56ea8000 	C:\WINDOWS\System32\gdi32full.dll
0x00007ffc56b60000 - 0x00007ffc56bfe000 	C:\WINDOWS\System32\msvcp_win.dll
0x00007ffc566d0000 - 0x00007ffc567ca000 	C:\WINDOWS\System32\ucrtbase.dll
0x00007ffc4a060000 - 0x00007ffc4a2e4000 	C:\WINDOWS\WinSxS\amd64_microsoft.windows.common-controls_6595b64144ccf1df_6.0.18362.1500_none_9e79be6de462295c\COMCTL32.dll
0x00007ffc50470000 - 0x00007ffc5047a000 	C:\WINDOWS\SYSTEM32\VERSION.dll
0x00007ffc58a30000 - 0x00007ffc58d66000 	C:\WINDOWS\System32\combase.dll
0x00007ffc56a80000 - 0x00007ffc56b01000 	C:\WINDOWS\System32\bcryptPrimitives.dll
0x00007ffc57620000 - 0x00007ffc5764e000 	C:\WINDOWS\System32\IMM32.DLL
0x00007ffc1be90000 - 0x00007ffc1bf7f000 	C:\Program Files\Java\jdk-9.0.1\bin\msvcr120.dll
0x00007ffc373d0000 - 0x00007ffc37476000 	C:\Program Files\Java\jdk-9.0.1\bin\msvcp120.dll
0x00000000557d0000 - 0x00000000561f4000 	C:\Program Files\Java\jdk-9.0.1\bin\server\jvm.dll
0x00007ffc57a40000 - 0x00007ffc57a48000 	C:\WINDOWS\System32\PSAPI.DLL
0x00007ffc42e50000 - 0x00007ffc42e59000 	C:\WINDOWS\SYSTEM32\WSOCK32.dll
0x00007ffc51ff0000 - 0x00007ffc52014000 	C:\WINDOWS\SYSTEM32\WINMM.dll
0x00007ffc58d70000 - 0x00007ffc58ddf000 	C:\WINDOWS\System32\WS2_32.dll
0x00007ffc51f80000 - 0x00007ffc51fad000 	C:\WINDOWS\SYSTEM32\winmmbase.dll
0x00007ffc56b10000 - 0x00007ffc56b5a000 	C:\WINDOWS\System32\cfgmgr32.dll
0x00007ffc52270000 - 0x00007ffc5227f000 	C:\Program Files\Java\jdk-9.0.1\bin\verify.dll
0x00007ffc4d820000 - 0x00007ffc4d847000 	C:\Program Files\Java\jdk-9.0.1\bin\java.dll
0x00007ffc43c60000 - 0x00007ffc43c8a000 	C:\Program Files\Java\jdk-9.0.1\bin\instrument.dll
0x00007ffc520c0000 - 0x00007ffc520d6000 	C:\Program Files\Java\jdk-9.0.1\bin\zip.dll
0x00007ffc52090000 - 0x00007ffc5209a000 	C:\Program Files\Java\jdk-9.0.1\bin\jimage.dll
0x00007ffc57fa0000 - 0x00007ffc58688000 	C:\WINDOWS\System32\SHELL32.dll
0x00007ffc57650000 - 0x00007ffc576f7000 	C:\WINDOWS\System32\shcore.dll
0x00007ffc55f20000 - 0x00007ffc5669b000 	C:\WINDOWS\System32\windows.storage.dll
0x00007ffc55ce0000 - 0x00007ffc55cfe000 	C:\WINDOWS\System32\profapi.dll
0x00007ffc55d00000 - 0x00007ffc55d4a000 	C:\WINDOWS\System32\powrprof.dll
0x00007ffc55cd0000 - 0x00007ffc55ce0000 	C:\WINDOWS\System32\UMPDC.dll
0x00007ffc573a0000 - 0x00007ffc573f2000 	C:\WINDOWS\System32\shlwapi.dll
0x00007ffc55d70000 - 0x00007ffc55d81000 	C:\WINDOWS\System32\kernel.appcore.dll
0x00007ffc56eb0000 - 0x00007ffc56ec7000 	C:\WINDOWS\System32\cryptsp.dll
0x00007ffc4dac0000 - 0x00007ffc4dada000 	C:\Program Files\Java\jdk-9.0.1\bin\net.dll
0x00007ffc48c90000 - 0x00007ffc48d8a000 	C:\WINDOWS\SYSTEM32\WINHTTP.dll
0x00007ffc554c0000 - 0x00007ffc55527000 	C:\WINDOWS\system32\mswsock.dll
0x00007ffc4d940000 - 0x00007ffc4d951000 	C:\Program Files\Java\jdk-9.0.1\bin\nio.dll
0x00007ffc4cdd0000 - 0x00007ffc4cdea000 	C:\Program Files\JetBrains\IntelliJ IDEA 2018.2.1\bin\breakgen64.dll
0x00007ffc55220000 - 0x00007ffc552eb000 	C:\WINDOWS\SYSTEM32\DNSAPI.dll
0x00007ffc57610000 - 0x00007ffc57618000 	C:\WINDOWS\System32\NSI.dll
0x00007ffc551e0000 - 0x00007ffc5521a000 	C:\WINDOWS\SYSTEM32\IPHLPAPI.DLL
0x00007ffc4ccd0000 - 0x00007ffc4ccda000 	C:\Windows\System32\rasadhlp.dll
0x00007ffc4ce00000 - 0x00007ffc4ce77000 	C:\WINDOWS\System32\fwpuclnt.dll
0x00007ffc55ef0000 - 0x00007ffc55f16000 	C:\WINDOWS\System32\bcrypt.dll
0x00007ffc4de90000 - 0x00007ffc4de9b000 	C:\Program Files\Java\jdk-9.0.1\bin\sunmscapi.dll
0x00007ffc55d90000 - 0x00007ffc55ee1000 	C:\WINDOWS\System32\CRYPT32.dll
0x00007ffc55d50000 - 0x00007ffc55d62000 	C:\WINDOWS\System32\MSASN1.dll
0x00007ffc41440000 - 0x00007ffc41463000 	C:\Program Files\Java\jdk-9.0.1\bin\sunec.dll
0x00007ffc55050000 - 0x00007ffc55083000 	C:\WINDOWS\system32\rsaenh.dll
0x00007ffc55bc0000 - 0x00007ffc55be5000 	C:\WINDOWS\SYSTEM32\USERENV.dll
0x00007ffc55640000 - 0x00007ffc5564c000 	C:\WINDOWS\SYSTEM32\CRYPTBASE.dll
0x00007ffc4f250000 - 0x00007ffc4f266000 	C:\WINDOWS\SYSTEM32\dhcpcsvc6.DLL
0x00007ffc4d640000 - 0x00007ffc4d65c000 	C:\WINDOWS\SYSTEM32\dhcpcsvc.DLL
0x00007ffc51470000 - 0x00007ffc51479000 	C:\Program Files\Java\jdk-9.0.1\bin\management.dll
0x00007ffc50e90000 - 0x00007ffc50e9a000 	C:\Program Files\Java\jdk-9.0.1\bin\management_ext.dll
0x00007ffc3f470000 - 0x00007ffc3f486000 	C:\WINDOWS\system32\napinsp.dll
0x00007ffc3d980000 - 0x00007ffc3d99a000 	C:\WINDOWS\system32\pnrpnsp.dll
0x00007ffc42be0000 - 0x00007ffc42bee000 	C:\WINDOWS\System32\winrnr.dll
0x00007ffc52140000 - 0x00007ffc5215c000 	C:\WINDOWS\system32\NLAapi.dll
0x00007ffc3d960000 - 0x00007ffc3d975000 	C:\WINDOWS\system32\wshbth.dll
0x000000006e740000 - 0x000000006fda5000 	C:\Users\ASUS\AppData\Local\Temp\xuggle\xuggle9694950411476301901.dll
0x00007ffc58690000 - 0x00007ffc587e7000 	C:\WINDOWS\System32\ole32.dll
0x00007ffc43c40000 - 0x00007ffc43c58000 	C:\WINDOWS\SYSTEM32\AVICAP32.dll
0x00007ffc3fb50000 - 0x00007ffc3fb79000 	C:\WINDOWS\SYSTEM32\MSVFW32.dll
0x00007ffc54530000 - 0x00007ffc54724000 	C:\WINDOWS\SYSTEM32\dbghelp.dll

VM Arguments:
jvm_args: -javaagent:C:\Program Files\JetBrains\IntelliJ IDEA 2018.2.1\lib\idea_rt.jar=1905:C:\Program Files\JetBrains\IntelliJ IDEA 2018.2.1\bin -Dfile.encoding=UTF-8 
java_command: bogen.koochita.demo.KoochitaApplication
java_class_path (initial): D:\koochita\target\classes;C:\Users\ASUS\.m2\repository\org\thymeleaf\thymeleaf\3.0.12.RELEASE\thymeleaf-3.0.12.RELEASE.jar;C:\Users\ASUS\.m2\repository\ognl\ognl\3.1.26\ognl-3.1.26.jar;C:\Users\ASUS\.m2\repository\org\javassist\javassist\3.20.0-GA\javassist-3.20.0-GA.jar;C:\Users\ASUS\.m2\repository\org\attoparser\attoparser\2.0.5.RELEASE\attoparser-2.0.5.RELEASE.jar;C:\Users\ASUS\.m2\repository\org\unbescape\unbescape\1.1.6.RELEASE\unbescape-1.1.6.RELEASE.jar;C:\Users\ASUS\.m2\repository\org\slf4j\slf4j-api\1.7.25\slf4j-api-1.7.25.jar;C:\Users\ASUS\.m2\repository\org\springframework\boot\spring-boot-starter-data-rest\2.5.0-SNAPSHOT\spring-boot-starter-data-rest-2.5.0-20210506.065240-494.jar;C:\Users\ASUS\.m2\repository\org\springframework\boot\spring-boot-starter-web\2.5.0-SNAPSHOT\spring-boot-starter-web-2.5.0-20210506.065240-494.jar;C:\Users\ASUS\.m2\repository\org\springframework\boot\spring-boot-starter-json\2.5.0-SNAPSHOT\spring-boot-starter-json-2.5.0-20210506.065240-494.jar;C:\Users\ASUS\.m2\repository\com\fasterxml\jackson\datatype\jackson-datatype-jdk8\2.12.3\jackson-datatype-jdk8-2.12.3.jar;C:\Users\ASUS\.m2\repository\com\fasterxml\jackson\datatype\jackson-datatype-jsr310\2.12.3\jackson-datatype-jsr310-2.12.3.jar;C:\Users\ASUS\.m2\repository\com\fasterxml\jackson\module\jackson-module-parameter-names\2.12.3\jackson-module-parameter-names-2.12.3.jar;C:\Users\ASUS\.m2\repository\org\springframework\boot\spring-boot-starter-tomcat\2.5.0-SNAPSHOT\spring-boot-starter-tomcat-2.5.0-20210506.065240-494.jar;C:\Users\ASUS\.m2\repository\org\apache\tomcat\embed\tomcat-embed-core\9.0.45\tomcat-embed-core-9.0.45.jar;C:\Users\ASUS\.m2\repository\org\apache\tomcat\embed\tomcat-embed-el\9.0.45\tomcat-embed-el-9.0.45.jar;C:\Users\ASUS\.m2\repository\org\apache\tomcat\embed\tomcat-embed-websocket\9.0.45\tomcat-embed-websocket-9.0.45.jar;C:\Users\ASUS\.m2\repository\org\springframework\spring-web\5.3.6\spring-web-5.3.6.jar;C:\Users\ASUS\.m2\re
Launcher Type: SUN_STANDARD

Logging:
Log output configuration:
#0: stdout all=warning uptime,level,tags
#1: stderr all=off uptime,level,tags

Environment Variables:
JAVA_HOME=C:\Program Files (x86)\Java\jdk1.8.0_121
JRE_HOME=C:\Program Files (x86)\Java\jdk1.8.0_121\jre
PATH=C:\Python39\Scripts\;C:\Python39\;C:\Program Files\Microsoft MPI\Bin\;C:\Program Files (x86)\Intel\iCLS Client\;C:\Program Files\Intel\iCLS Client\;C:\Windows\system32;C:\Windows;C:\Windows\System32\Wbem;C:\Windows\System32\WindowsPowerShell\v1.0\;C:\Windows\System32\OpenSSH\;C:\Program Files (x86)\Intel\Intel(R) Management Engine Components\DAL;C:\Program Files\Intel\Intel(R) Management Engine Components\DAL;C:\Program Files (x86)\Intel\Intel(R) Management Engine Components\IPT;C:\Program Files\Intel\Intel(R) Management Engine Components\IPT;F:\putty\;C:\xampp\php;C:\Program Files (x86)\ComposerSetup;C:\ProgramData\ComposerSetup\bin;C:\Program Files (x86)\Java\jdk1.8.0_121\bin;C:\WINDOWS\system32;C:\WINDOWS;C:\WINDOWS\System32\Wbem;C:\WINDOWS\System32\WindowsPowerShell\v1.0\;C:\WINDOWS\System32\OpenSSH\;C:\Users\ASUS\Downloads\ffmpeg-20180821-7e0df59-win64-static\ffmpeg-20180821-7e0df59-win64-static\bin;C:\Program Files\MiKTeX 2.9\miktex\bin\x64\;C:\Program Files (x86)\Rational\common;F:\sdk\android-ndk-r19;C:\Program Files (x86)\Microsoft SQL Server\110\Tools\Binn\ManagementStudio\;C:\Program Files (x86)\Microsoft SQL Server\110\Tools\Binn\;C:\Program Files\Microsoft SQL Server\110\Tools\Binn\;C:\Program Files (x86)\Microsoft SQL Server\110\DTS\Binn\;C:\WINDOWS\system32;C:\WINDOWS;C:\WINDOWS\System32\Wbem;C:\WINDOWS\System32\WindowsPowerShell\v1.0\;C:\WINDOWS\System32\OpenSSH\;F:\IBM\mk\miktex\bin\x64\;C:\Program Files\Intel\WiFi\bin\;C:\Program Files\Common Files\Intel\WirelessCommon\;C:\Program Files\Microsoft SQL Server\130\Tools\Binn\;C:\Program Files\nodejs\;C:\ProgramData\chocolatey\bin;C:\Users\ASUS\AppData\Local\Programs\Python\Python36\Scripts\;C:\Users\ASUS\AppData\Local\Programs\Python\Python36\;C:\Users\ASUS\AppData\Local\Microsoft\WindowsApps;C:\xampp\php;C:\Program Files (x86)\ComposerSetup;C:\Users\ASUS\AppData\Roaming\Composer\vendor\bin;C:\Users\ASUS\AppData\Local\atom\bin;C:\Users\ASUS\Downloads\ffmpeg-20180821-7e0df59-win64-static\ffmpeg-20180
USERNAME=ASUS
OS=Windows_NT
PROCESSOR_IDENTIFIER=Intel64 Family 6 Model 94 Stepping 3, GenuineIntel



---------------  S Y S T E M  ---------------

OS: Windows 10 , 64 bit Build 18362 (10.0.18362.1500)

CPU:total 8 (initial active 8) (4 cores per cpu, 2 threads per core) family 6 model 94 stepping 3, cmov, cx8, fxsr, mmx, sse, sse2, sse3, ssse3, sse4.1, sse4.2, popcnt, avx, avx2, aes, clmul, erms, rtm, 3dnowpref, lzcnt, ht, tsc, tscinvbit, bmi1, bmi2, adx, fma

Memory: 4k page, physical 16670248k(6125848k free), swap 19706576k(4483372k free)

vm_info: Java HotSpot(TM) 64-Bit Server VM (9.0.1+11) for windows-amd64 JRE (9.0.1+11), built on Sep 28 2017 04:54:03 by "mach5one" with MS VC++ 12.0 (VS2013)

END.
